2018-06-12 13:14:07.775 DEBUG shauns-MacBook-Pro.local --- [  restartedMain] o.s.w.c.s.StandardServletEnvironment     : Adding PropertySource 'configurationProperties' with highest search precedence
2018-06-12 13:14:07.802 DEBUG shauns-MacBook-Pro.local --- [  restartedMain] o.s.w.c.s.StandardServletEnvironment     : Adding PropertySource 'servletConfigInitParams' with lowest search precedence
2018-06-12 13:14:07.802 DEBUG shauns-MacBook-Pro.local --- [  restartedMain] o.s.w.c.s.StandardServletEnvironment     : Adding PropertySource 'servletContextInitParams' with lowest search precedence
2018-06-12 13:14:07.803 DEBUG shauns-MacBook-Pro.local --- [  restartedMain] o.s.w.c.s.StandardServletEnvironment     : Adding PropertySource 'systemProperties' with lowest search precedence
2018-06-12 13:14:07.803 DEBUG shauns-MacBook-Pro.local --- [  restartedMain] o.s.w.c.s.StandardServletEnvironment     : Adding PropertySource 'systemEnvironment' with lowest search precedence
2018-06-12 13:14:07.803 DEBUG shauns-MacBook-Pro.local --- [  restartedMain] o.s.w.c.s.StandardServletEnvironment     : Initialized StandardServletEnvironment with PropertySources [StubPropertySource {name='servletConfigInitParams'}, StubPropertySource {name='servletContextInitParams'}, MapPropertySource {name='systemProperties'}, SystemEnvironmentPropertySource {name='systemEnvironment'}]
2018-06-12 13:14:07.847  INFO shauns-MacBook-Pro.local --- [  restartedMain] c.b.a.RestApiTemplateApplication         : Starting RestApiTemplateApplication on shauns-MacBook-Pro.local with PID 1435 (/Users/shaun/dev/rest-api-template/target/classes started by shaun in /Users/shaun/dev/rest-api-template)
2018-06-12 13:14:07.848  INFO shauns-MacBook-Pro.local --- [  restartedMain] c.b.a.RestApiTemplateApplication         : No active profile set, falling back to default profiles: default
2018-06-12 13:14:07.914  INFO shauns-MacBook-Pro.local --- [  restartedMain] ConfigServletWebServerApplicationContext : Refreshing org.springframework.boot.web.servlet.context.AnnotationConfigServletWebServerApplicationContext@30931e5: startup date [Tue Jun 12 13:14:07 BST 2018]; root of context hierarchy
2018-06-12 13:14:08.530 DEBUG shauns-MacBook-Pro.local --- [  restartedMain] o.s.w.c.s.StandardServletEnvironment     : Removing PropertySource 'defaultProperties'
2018-06-12 13:14:08.804  INFO shauns-MacBook-Pro.local --- [  restartedMain] o.s.b.w.e.t.TomcatWebServer              : Tomcat initialized with port(s): 8080 (http)
2018-06-12 13:14:08.822  INFO shauns-MacBook-Pro.local --- [  restartedMain] o.a.c.h.Http11NioProtocol                : Initializing ProtocolHandler ["http-nio-8080"]
2018-06-12 13:14:08.829  INFO shauns-MacBook-Pro.local --- [  restartedMain] o.a.c.c.StandardService                  : Starting service [Tomcat]
2018-06-12 13:14:08.829  INFO shauns-MacBook-Pro.local --- [  restartedMain] o.a.c.c.StandardEngine                   : Starting Servlet Engine: Apache Tomcat/8.5.31
2018-06-12 13:14:08.833  INFO shauns-MacBook-Pro.local --- [ost-startStop-1] o.a.c.c.AprLifecycleListener             : The APR based Apache Tomcat Native library which allows optimal performance in production environments was not found on the java.library.path: [/Users/shaun/Library/Java/Extensions:/Library/Java/Extensions:/Network/Library/Java/Extensions:/System/Library/Java/Extensions:/usr/lib/java:.]
2018-06-12 13:14:08.900  INFO shauns-MacBook-Pro.local --- [ost-startStop-1] o.a.c.c.C.[.[.[/]                        : Initializing Spring embedded WebApplicationContext
2018-06-12 13:14:08.900 DEBUG shauns-MacBook-Pro.local --- [ost-startStop-1] o.s.w.c.ContextLoader                    : Published root WebApplicationContext as ServletContext attribute with name [org.springframework.web.context.WebApplicationContext.ROOT]
2018-06-12 13:14:08.900  INFO shauns-MacBook-Pro.local --- [ost-startStop-1] o.s.w.c.ContextLoader                    : Root WebApplicationContext: initialization completed in 992 ms
2018-06-12 13:14:08.996  INFO shauns-MacBook-Pro.local --- [ost-startStop-1] o.s.b.w.s.ServletRegistrationBean        : Servlet dispatcherServlet mapped to [/]
2018-06-12 13:14:08.999  INFO shauns-MacBook-Pro.local --- [ost-startStop-1] o.s.b.w.s.FilterRegistrationBean         : Mapping filter: 'characterEncodingFilter' to: [/*]
2018-06-12 13:14:08.999  INFO shauns-MacBook-Pro.local --- [ost-startStop-1] o.s.b.w.s.FilterRegistrationBean         : Mapping filter: 'hiddenHttpMethodFilter' to: [/*]
2018-06-12 13:14:08.999  INFO shauns-MacBook-Pro.local --- [ost-startStop-1] o.s.b.w.s.FilterRegistrationBean         : Mapping filter: 'httpPutFormContentFilter' to: [/*]
2018-06-12 13:14:09.000  INFO shauns-MacBook-Pro.local --- [ost-startStop-1] o.s.b.w.s.FilterRegistrationBean         : Mapping filter: 'requestContextFilter' to: [/*]
2018-06-12 13:14:09.015 DEBUG shauns-MacBook-Pro.local --- [  restartedMain] o.s.w.c.s.StandardServletEnvironment     : Replacing PropertySource 'servletContextInitParams' with 'servletContextInitParams'
2018-06-12 13:14:09.120  INFO shauns-MacBook-Pro.local --- [  restartedMain] o.s.w.s.h.SimpleUrlHandlerMapping        : Mapped URL path [/**/favicon.ico] onto handler of type [class org.springframework.web.servlet.resource.ResourceHttpRequestHandler]
2018-06-12 13:14:09.302  INFO shauns-MacBook-Pro.local --- [  restartedMain] s.w.s.m.m.a.RequestMappingHandlerAdapter : Looking for @ControllerAdvice: org.springframework.boot.web.servlet.context.AnnotationConfigServletWebServerApplicationContext@30931e5: startup date [Tue Jun 12 13:14:07 BST 2018]; root of context hierarchy
2018-06-12 13:14:09.331 DEBUG shauns-MacBook-Pro.local --- [  restartedMain] s.w.s.m.m.a.RequestMappingHandlerMapping : Looking for request mappings in application context: org.springframework.boot.web.servlet.context.AnnotationConfigServletWebServerApplicationContext@30931e5: startup date [Tue Jun 12 13:14:07 BST 2018]; root of context hierarchy
2018-06-12 13:14:09.338 DEBUG shauns-MacBook-Pro.local --- [  restartedMain] s.w.s.m.m.a.RequestMappingHandlerMapping : 1 request handler methods found on class com.bespokesoft.api.controllers.HealthController: {public com.bespokesoft.api.dto.APIResponse com.bespokesoft.api.controllers.HealthController.testHealth()={[/health],methods=[GET],produces=[application/json]}}
2018-06-12 13:14:09.338  INFO shauns-MacBook-Pro.local --- [  restartedMain] s.w.s.m.m.a.RequestMappingHandlerMapping : Mapped "{[/health],methods=[GET],produces=[application/json]}" onto public com.bespokesoft.api.dto.APIResponse com.bespokesoft.api.controllers.HealthController.testHealth()
2018-06-12 13:14:09.340 DEBUG shauns-MacBook-Pro.local --- [  restartedMain] s.w.s.m.m.a.RequestMappingHandlerMapping : 2 request handler methods found on class org.springframework.boot.autoconfigure.web.servlet.error.BasicErrorController: {public org.springframework.http.ResponseEntity org.springframework.boot.autoconfigure.web.servlet.error.BasicErrorController.error(javax.servlet.http.HttpServletRequest)={[/error]}, public org.springframework.web.servlet.ModelAndView org.springframework.boot.autoconfigure.web.servlet.error.BasicErrorController.errorHtml(javax.servlet.http.HttpServletRequest,javax.servlet.http.HttpServletResponse)={[/error],produces=[text/html]}}
2018-06-12 13:14:09.342  INFO shauns-MacBook-Pro.local --- [  restartedMain] s.w.s.m.m.a.RequestMappingHandlerMapping : Mapped "{[/error]}" onto public org.springframework.http.ResponseEntity<java.util.Map<java.lang.String, java.lang.Object>> org.springframework.boot.autoconfigure.web.servlet.error.BasicErrorController.error(javax.servlet.http.HttpServletRequest)
2018-06-12 13:14:09.342  INFO shauns-MacBook-Pro.local --- [  restartedMain] s.w.s.m.m.a.RequestMappingHandlerMapping : Mapped "{[/error],produces=[text/html]}" onto public org.springframework.web.servlet.ModelAndView org.springframework.boot.autoconfigure.web.servlet.error.BasicErrorController.errorHtml(javax.servlet.http.HttpServletRequest,javax.servlet.http.HttpServletResponse)
2018-06-12 13:14:09.354 DEBUG shauns-MacBook-Pro.local --- [  restartedMain] o.s.w.s.h.BeanNameUrlHandlerMapping      : Looking for URL mappings in application context: org.springframework.boot.web.servlet.context.AnnotationConfigServletWebServerApplicationContext@30931e5: startup date [Tue Jun 12 13:14:07 BST 2018]; root of context hierarchy
2018-06-12 13:14:09.354 DEBUG shauns-MacBook-Pro.local --- [  restartedMain] o.s.w.s.h.BeanNameUrlHandlerMapping      : Rejected bean name 'org.springframework.context.annotation.internalConfigurationAnnotationProcessor': no URL paths identified
2018-06-12 13:14:09.354 DEBUG shauns-MacBook-Pro.local --- [  restartedMain] o.s.w.s.h.BeanNameUrlHandlerMapping      : Rejected bean name 'org.springframework.context.annotation.internalAutowiredAnnotationProcessor': no URL paths identified
2018-06-12 13:14:09.354 DEBUG shauns-MacBook-Pro.local --- [  restartedMain] o.s.w.s.h.BeanNameUrlHandlerMapping      : Rejected bean name 'org.springframework.context.annotation.internalRequiredAnnotationProcessor': no URL paths identified
2018-06-12 13:14:09.354 DEBUG shauns-MacBook-Pro.local --- [  restartedMain] o.s.w.s.h.BeanNameUrlHandlerMapping      : Rejected bean name 'org.springframework.context.annotation.internalCommonAnnotationProcessor': no URL paths identified
2018-06-12 13:14:09.354 DEBUG shauns-MacBook-Pro.local --- [  restartedMain] o.s.w.s.h.BeanNameUrlHandlerMapping      : Rejected bean name 'org.springframework.context.event.internalEventListenerProcessor': no URL paths identified
2018-06-12 13:14:09.354 DEBUG shauns-MacBook-Pro.local --- [  restartedMain] o.s.w.s.h.BeanNameUrlHandlerMapping      : Rejected bean name 'org.springframework.context.event.internalEventListenerFactory': no URL paths identified
2018-06-12 13:14:09.354 DEBUG shauns-MacBook-Pro.local --- [  restartedMain] o.s.w.s.h.BeanNameUrlHandlerMapping      : Rejected bean name 'restApiTemplateApplication': no URL paths identified
2018-06-12 13:14:09.355 DEBUG shauns-MacBook-Pro.local --- [  restartedMain] o.s.w.s.h.BeanNameUrlHandlerMapping      : Rejected bean name 'org.springframework.boot.autoconfigure.internalCachingMetadataReaderFactory': no URL paths identified
2018-06-12 13:14:09.355 DEBUG shauns-MacBook-Pro.local --- [  restartedMain] o.s.w.s.h.BeanNameUrlHandlerMapping      : Rejected bean name 'healthController': no URL paths identified
2018-06-12 13:14:09.355 DEBUG shauns-MacBook-Pro.local --- [  restartedMain] o.s.w.s.h.BeanNameUrlHandlerMapping      : Rejected bean name 'healthService': no URL paths identified
2018-06-12 13:14:09.355 DEBUG shauns-MacBook-Pro.local --- [  restartedMain] o.s.w.s.h.BeanNameUrlHandlerMapping      : Rejected bean name 'org.springframework.boot.autoconfigure.AutoConfigurationPackages': no URL paths identified
2018-06-12 13:14:09.355 DEBUG shauns-MacBook-Pro.local --- [  restartedMain] o.s.w.s.h.BeanNameUrlHandlerMapping      : Rejected bean name 'org.springframework.boot.autoconfigure.context.PropertyPlaceholderAutoConfiguration': no URL paths identified
2018-06-12 13:14:09.355 DEBUG shauns-MacBook-Pro.local --- [  restartedMain] o.s.w.s.h.BeanNameUrlHandlerMapping      : Rejected bean name 'org.springframework.boot.autoconfigure.condition.BeanTypeRegistry': no URL paths identified
2018-06-12 13:14:09.355 DEBUG shauns-MacBook-Pro.local --- [  restartedMain] o.s.w.s.h.BeanNameUrlHandlerMapping      : Rejected bean name 'propertySourcesPlaceholderConfigurer': no URL paths identified
2018-06-12 13:14:09.355 DEBUG shauns-MacBook-Pro.local --- [  restartedMain] o.s.w.s.h.BeanNameUrlHandlerMapping      : Rejected bean name 'org.springframework.boot.autoconfigure.websocket.servlet.WebSocketServletAutoConfiguration$TomcatWebSocketConfiguration': no URL paths identified
2018-06-12 13:14:09.355 DEBUG shauns-MacBook-Pro.local --- [  restartedMain] o.s.w.s.h.BeanNameUrlHandlerMapping      : Rejected bean name 'websocketContainerCustomizer': no URL paths identified
2018-06-12 13:14:09.355 DEBUG shauns-MacBook-Pro.local --- [  restartedMain] o.s.w.s.h.BeanNameUrlHandlerMapping      : Rejected bean name 'org.springframework.boot.autoconfigure.websocket.servlet.WebSocketServletAutoConfiguration': no URL paths identified
2018-06-12 13:14:09.356 DEBUG shauns-MacBook-Pro.local --- [  restartedMain] o.s.w.s.h.BeanNameUrlHandlerMapping      : Rejected bean name 'org.springframework.boot.autoconfigure.web.servlet.ServletWebServerFactoryConfiguration$EmbeddedTomcat': no URL paths identified
2018-06-12 13:14:09.356 DEBUG shauns-MacBook-Pro.local --- [  restartedMain] o.s.w.s.h.BeanNameUrlHandlerMapping      : Rejected bean name 'tomcatServletWebServerFactory': no URL paths identified
2018-06-12 13:14:09.356 DEBUG shauns-MacBook-Pro.local --- [  restartedMain] o.s.w.s.h.BeanNameUrlHandlerMapping      : Rejected bean name 'org.springframework.boot.autoconfigure.web.servlet.ServletWebServerFactoryAutoConfiguration': no URL paths identified
2018-06-12 13:14:09.356 DEBUG shauns-MacBook-Pro.local --- [  restartedMain] o.s.w.s.h.BeanNameUrlHandlerMapping      : Rejected bean name 'servletWebServerFactoryCustomizer': no URL paths identified
2018-06-12 13:14:09.356 DEBUG shauns-MacBook-Pro.local --- [  restartedMain] o.s.w.s.h.BeanNameUrlHandlerMapping      : Rejected bean name 'tomcatServletWebServerFactoryCustomizer': no URL paths identified
2018-06-12 13:14:09.356 DEBUG shauns-MacBook-Pro.local --- [  restartedMain] o.s.w.s.h.BeanNameUrlHandlerMapping      : Rejected bean name 'server-org.springframework.boot.autoconfigure.web.ServerProperties': no URL paths identified
2018-06-12 13:14:09.356 DEBUG shauns-MacBook-Pro.local --- [  restartedMain] o.s.w.s.h.BeanNameUrlHandlerMapping      : Rejected bean name 'org.springframework.boot.context.properties.ConfigurationPropertiesBindingPostProcessor': no URL paths identified
2018-06-12 13:14:09.356 DEBUG shauns-MacBook-Pro.local --- [  restartedMain] o.s.w.s.h.BeanNameUrlHandlerMapping      : Rejected bean name 'org.springframework.boot.context.properties.ConfigurationBeanFactoryMetadata': no URL paths identified
2018-06-12 13:14:09.356 DEBUG shauns-MacBook-Pro.local --- [  restartedMain] o.s.w.s.h.BeanNameUrlHandlerMapping      : Rejected bean name 'webServerFactoryCustomizerBeanPostProcessor': no URL paths identified
2018-06-12 13:14:09.356 DEBUG shauns-MacBook-Pro.local --- [  restartedMain] o.s.w.s.h.BeanNameUrlHandlerMapping      : Rejected bean name 'errorPageRegistrarBeanPostProcessor': no URL paths identified
2018-06-12 13:14:09.356 DEBUG shauns-MacBook-Pro.local --- [  restartedMain] o.s.w.s.h.BeanNameUrlHandlerMapping      : Rejected bean name 'org.springframework.boot.autoconfigure.web.servlet.DispatcherServletAutoConfiguration$DispatcherServletConfiguration': no URL paths identified
2018-06-12 13:14:09.356 DEBUG shauns-MacBook-Pro.local --- [  restartedMain] o.s.w.s.h.BeanNameUrlHandlerMapping      : Rejected bean name 'dispatcherServlet': no URL paths identified
2018-06-12 13:14:09.357 DEBUG shauns-MacBook-Pro.local --- [  restartedMain] o.s.w.s.h.BeanNameUrlHandlerMapping      : Rejected bean name 'mainDispatcherServletPathProvider': no URL paths identified
2018-06-12 13:14:09.357 DEBUG shauns-MacBook-Pro.local --- [  restartedMain] o.s.w.s.h.BeanNameUrlHandlerMapping      : Rejected bean name 'spring.mvc-org.springframework.boot.autoconfigure.web.servlet.WebMvcProperties': no URL paths identified
2018-06-12 13:14:09.357 DEBUG shauns-MacBook-Pro.local --- [  restartedMain] o.s.w.s.h.BeanNameUrlHandlerMapping      : Rejected bean name 'org.springframework.boot.autoconfigure.web.servlet.DispatcherServletAutoConfiguration$DispatcherServletRegistrationConfiguration': no URL paths identified
2018-06-12 13:14:09.357 DEBUG shauns-MacBook-Pro.local --- [  restartedMain] o.s.w.s.h.BeanNameUrlHandlerMapping      : Rejected bean name 'dispatcherServletRegistration': no URL paths identified
2018-06-12 13:14:09.357 DEBUG shauns-MacBook-Pro.local --- [  restartedMain] o.s.w.s.h.BeanNameUrlHandlerMapping      : Rejected bean name 'org.springframework.boot.autoconfigure.web.servlet.DispatcherServletAutoConfiguration': no URL paths identified
2018-06-12 13:14:09.357 DEBUG shauns-MacBook-Pro.local --- [  restartedMain] o.s.w.s.h.BeanNameUrlHandlerMapping      : Rejected bean name 'org.springframework.boot.autoconfigure.validation.ValidationAutoConfiguration': no URL paths identified
2018-06-12 13:14:09.357 DEBUG shauns-MacBook-Pro.local --- [  restartedMain] o.s.w.s.h.BeanNameUrlHandlerMapping      : Rejected bean name 'defaultValidator': no URL paths identified
2018-06-12 13:14:09.357 DEBUG shauns-MacBook-Pro.local --- [  restartedMain] o.s.w.s.h.BeanNameUrlHandlerMapping      : Rejected bean name 'methodValidationPostProcessor': no URL paths identified
2018-06-12 13:14:09.357 DEBUG shauns-MacBook-Pro.local --- [  restartedMain] o.s.w.s.h.BeanNameUrlHandlerMapping      : Rejected bean name 'org.springframework.boot.autoconfigure.web.servlet.error.ErrorMvcAutoConfiguration$WhitelabelErrorViewConfiguration': no URL paths identified
2018-06-12 13:14:09.357 DEBUG shauns-MacBook-Pro.local --- [  restartedMain] o.s.w.s.h.BeanNameUrlHandlerMapping      : Rejected bean name 'error': no URL paths identified
2018-06-12 13:14:09.357 DEBUG shauns-MacBook-Pro.local --- [  restartedMain] o.s.w.s.h.BeanNameUrlHandlerMapping      : Rejected bean name 'beanNameViewResolver': no URL paths identified
2018-06-12 13:14:09.357 DEBUG shauns-MacBook-Pro.local --- [  restartedMain] o.s.w.s.h.BeanNameUrlHandlerMapping      : Rejected bean name 'org.springframework.boot.autoconfigure.web.servlet.error.ErrorMvcAutoConfiguration$DefaultErrorViewResolverConfiguration': no URL paths identified
2018-06-12 13:14:09.357 DEBUG shauns-MacBook-Pro.local --- [  restartedMain] o.s.w.s.h.BeanNameUrlHandlerMapping      : Rejected bean name 'conventionErrorViewResolver': no URL paths identified
2018-06-12 13:14:09.358 DEBUG shauns-MacBook-Pro.local --- [  restartedMain] o.s.w.s.h.BeanNameUrlHandlerMapping      : Rejected bean name 'org.springframework.boot.autoconfigure.web.servlet.error.ErrorMvcAutoConfiguration': no URL paths identified
2018-06-12 13:14:09.358 DEBUG shauns-MacBook-Pro.local --- [  restartedMain] o.s.w.s.h.BeanNameUrlHandlerMapping      : Rejected bean name 'errorAttributes': no URL paths identified
2018-06-12 13:14:09.358 DEBUG shauns-MacBook-Pro.local --- [  restartedMain] o.s.w.s.h.BeanNameUrlHandlerMapping      : Rejected bean name 'basicErrorController': no URL paths identified
2018-06-12 13:14:09.358 DEBUG shauns-MacBook-Pro.local --- [  restartedMain] o.s.w.s.h.BeanNameUrlHandlerMapping      : Rejected bean name 'errorPageCustomizer': no URL paths identified
2018-06-12 13:14:09.358 DEBUG shauns-MacBook-Pro.local --- [  restartedMain] o.s.w.s.h.BeanNameUrlHandlerMapping      : Rejected bean name 'preserveErrorControllerTargetClassPostProcessor': no URL paths identified
2018-06-12 13:14:09.358 DEBUG shauns-MacBook-Pro.local --- [  restartedMain] o.s.w.s.h.BeanNameUrlHandlerMapping      : Rejected bean name 'spring.resources-org.springframework.boot.autoconfigure.web.ResourceProperties': no URL paths identified
2018-06-12 13:14:09.358 DEBUG shauns-MacBook-Pro.local --- [  restartedMain] o.s.w.s.h.BeanNameUrlHandlerMapping      : Rejected bean name 'org.springframework.boot.autoconfigure.web.servlet.WebMvcAutoConfiguration$WebMvcAutoConfigurationAdapter$FaviconConfiguration': no URL paths identified
2018-06-12 13:14:09.358 DEBUG shauns-MacBook-Pro.local --- [  restartedMain] o.s.w.s.h.BeanNameUrlHandlerMapping      : Rejected bean name 'faviconHandlerMapping': no URL paths identified
2018-06-12 13:14:09.358 DEBUG shauns-MacBook-Pro.local --- [  restartedMain] o.s.w.s.h.BeanNameUrlHandlerMapping      : Rejected bean name 'faviconRequestHandler': no URL paths identified
2018-06-12 13:14:09.358 DEBUG shauns-MacBook-Pro.local --- [  restartedMain] o.s.w.s.h.BeanNameUrlHandlerMapping      : Rejected bean name 'org.springframework.boot.autoconfigure.web.servlet.WebMvcAutoConfiguration$EnableWebMvcConfiguration': no URL paths identified
2018-06-12 13:14:09.358 DEBUG shauns-MacBook-Pro.local --- [  restartedMain] o.s.w.s.h.BeanNameUrlHandlerMapping      : Rejected bean name 'requestMappingHandlerAdapter': no URL paths identified
2018-06-12 13:14:09.358 DEBUG shauns-MacBook-Pro.local --- [  restartedMain] o.s.w.s.h.BeanNameUrlHandlerMapping      : Rejected bean name 'requestMappingHandlerMapping': no URL paths identified
2018-06-12 13:14:09.358 DEBUG shauns-MacBook-Pro.local --- [  restartedMain] o.s.w.s.h.BeanNameUrlHandlerMapping      : Rejected bean name 'mvcConversionService': no URL paths identified
2018-06-12 13:14:09.358 DEBUG shauns-MacBook-Pro.local --- [  restartedMain] o.s.w.s.h.BeanNameUrlHandlerMapping      : Rejected bean name 'mvcValidator': no URL paths identified
2018-06-12 13:14:09.358 DEBUG shauns-MacBook-Pro.local --- [  restartedMain] o.s.w.s.h.BeanNameUrlHandlerMapping      : Rejected bean name 'mvcContentNegotiationManager': no URL paths identified
2018-06-12 13:14:09.359 DEBUG shauns-MacBook-Pro.local --- [  restartedMain] o.s.w.s.h.BeanNameUrlHandlerMapping      : Rejected bean name 'mvcPathMatcher': no URL paths identified
2018-06-12 13:14:09.359 DEBUG shauns-MacBook-Pro.local --- [  restartedMain] o.s.w.s.h.BeanNameUrlHandlerMapping      : Rejected bean name 'mvcUrlPathHelper': no URL paths identified
2018-06-12 13:14:09.359 DEBUG shauns-MacBook-Pro.local --- [  restartedMain] o.s.w.s.h.BeanNameUrlHandlerMapping      : Rejected bean name 'viewControllerHandlerMapping': no URL paths identified
2018-06-12 13:14:09.359 DEBUG shauns-MacBook-Pro.local --- [  restartedMain] o.s.w.s.h.BeanNameUrlHandlerMapping      : Rejected bean name 'beanNameHandlerMapping': no URL paths identified
2018-06-12 13:14:09.359 DEBUG shauns-MacBook-Pro.local --- [  restartedMain] o.s.w.s.h.BeanNameUrlHandlerMapping      : Rejected bean name 'resourceHandlerMapping': no URL paths identified
2018-06-12 13:14:09.359 DEBUG shauns-MacBook-Pro.local --- [  restartedMain] o.s.w.s.h.BeanNameUrlHandlerMapping      : Rejected bean name 'mvcResourceUrlProvider': no URL paths identified
2018-06-12 13:14:09.359 DEBUG shauns-MacBook-Pro.local --- [  restartedMain] o.s.w.s.h.BeanNameUrlHandlerMapping      : Rejected bean name 'defaultServletHandlerMapping': no URL paths identified
2018-06-12 13:14:09.359 DEBUG shauns-MacBook-Pro.local --- [  restartedMain] o.s.w.s.h.BeanNameUrlHandlerMapping      : Rejected bean name 'mvcUriComponentsContributor': no URL paths identified
2018-06-12 13:14:09.359 DEBUG shauns-MacBook-Pro.local --- [  restartedMain] o.s.w.s.h.BeanNameUrlHandlerMapping      : Rejected bean name 'httpRequestHandlerAdapter': no URL paths identified
2018-06-12 13:14:09.359 DEBUG shauns-MacBook-Pro.local --- [  restartedMain] o.s.w.s.h.BeanNameUrlHandlerMapping      : Rejected bean name 'simpleControllerHandlerAdapter': no URL paths identified
2018-06-12 13:14:09.359 DEBUG shauns-MacBook-Pro.local --- [  restartedMain] o.s.w.s.h.BeanNameUrlHandlerMapping      : Rejected bean name 'handlerExceptionResolver': no URL paths identified
2018-06-12 13:14:09.359 DEBUG shauns-MacBook-Pro.local --- [  restartedMain] o.s.w.s.h.BeanNameUrlHandlerMapping      : Rejected bean name 'mvcViewResolver': no URL paths identified
2018-06-12 13:14:09.359 DEBUG shauns-MacBook-Pro.local --- [  restartedMain] o.s.w.s.h.BeanNameUrlHandlerMapping      : Rejected bean name 'mvcHandlerMappingIntrospector': no URL paths identified
2018-06-12 13:14:09.359 DEBUG shauns-MacBook-Pro.local --- [  restartedMain] o.s.w.s.h.BeanNameUrlHandlerMapping      : Rejected bean name 'org.springframework.boot.autoconfigure.web.servlet.WebMvcAutoConfiguration$WebMvcAutoConfigurationAdapter': no URL paths identified
2018-06-12 13:14:09.359 DEBUG shauns-MacBook-Pro.local --- [  restartedMain] o.s.w.s.h.BeanNameUrlHandlerMapping      : Rejected bean name 'defaultViewResolver': no URL paths identified
2018-06-12 13:14:09.359 DEBUG shauns-MacBook-Pro.local --- [  restartedMain] o.s.w.s.h.BeanNameUrlHandlerMapping      : Rejected bean name 'viewResolver': no URL paths identified
2018-06-12 13:14:09.359 DEBUG shauns-MacBook-Pro.local --- [  restartedMain] o.s.w.s.h.BeanNameUrlHandlerMapping      : Rejected bean name 'welcomePageHandlerMapping': no URL paths identified
2018-06-12 13:14:09.359 DEBUG shauns-MacBook-Pro.local --- [  restartedMain] o.s.w.s.h.BeanNameUrlHandlerMapping      : Rejected bean name 'requestContextFilter': no URL paths identified
2018-06-12 13:14:09.360 DEBUG shauns-MacBook-Pro.local --- [  restartedMain] o.s.w.s.h.BeanNameUrlHandlerMapping      : Rejected bean name 'org.springframework.boot.autoconfigure.web.servlet.WebMvcAutoConfiguration': no URL paths identified
2018-06-12 13:14:09.360 DEBUG shauns-MacBook-Pro.local --- [  restartedMain] o.s.w.s.h.BeanNameUrlHandlerMapping      : Rejected bean name 'hiddenHttpMethodFilter': no URL paths identified
2018-06-12 13:14:09.360 DEBUG shauns-MacBook-Pro.local --- [  restartedMain] o.s.w.s.h.BeanNameUrlHandlerMapping      : Rejected bean name 'httpPutFormContentFilter': no URL paths identified
2018-06-12 13:14:09.360 DEBUG shauns-MacBook-Pro.local --- [  restartedMain] o.s.w.s.h.BeanNameUrlHandlerMapping      : Rejected bean name 'org.springframework.boot.autoconfigure.jmx.JmxAutoConfiguration': no URL paths identified
2018-06-12 13:14:09.360 DEBUG shauns-MacBook-Pro.local --- [  restartedMain] o.s.w.s.h.BeanNameUrlHandlerMapping      : Rejected bean name 'mbeanExporter': no URL paths identified
2018-06-12 13:14:09.360 DEBUG shauns-MacBook-Pro.local --- [  restartedMain] o.s.w.s.h.BeanNameUrlHandlerMapping      : Rejected bean name 'objectNamingStrategy': no URL paths identified
2018-06-12 13:14:09.360 DEBUG shauns-MacBook-Pro.local --- [  restartedMain] o.s.w.s.h.BeanNameUrlHandlerMapping      : Rejected bean name 'mbeanServer': no URL paths identified
2018-06-12 13:14:09.360 DEBUG shauns-MacBook-Pro.local --- [  restartedMain] o.s.w.s.h.BeanNameUrlHandlerMapping      : Rejected bean name 'org.springframework.boot.autoconfigure.admin.SpringApplicationAdminJmxAutoConfiguration': no URL paths identified
2018-06-12 13:14:09.360 DEBUG shauns-MacBook-Pro.local --- [  restartedMain] o.s.w.s.h.BeanNameUrlHandlerMapping      : Rejected bean name 'springApplicationAdminRegistrar': no URL paths identified
2018-06-12 13:14:09.360 DEBUG shauns-MacBook-Pro.local --- [  restartedMain] o.s.w.s.h.BeanNameUrlHandlerMapping      : Rejected bean name 'org.springframework.boot.autoconfigure.context.ConfigurationPropertiesAutoConfiguration': no URL paths identified
2018-06-12 13:14:09.360 DEBUG shauns-MacBook-Pro.local --- [  restartedMain] o.s.w.s.h.BeanNameUrlHandlerMapping      : Rejected bean name 'org.springframework.boot.autoconfigure.jackson.JacksonAutoConfiguration$Jackson2ObjectMapperBuilderCustomizerConfiguration': no URL paths identified
2018-06-12 13:14:09.360 DEBUG shauns-MacBook-Pro.local --- [  restartedMain] o.s.w.s.h.BeanNameUrlHandlerMapping      : Rejected bean name 'standardJacksonObjectMapperBuilderCustomizer': no URL paths identified
2018-06-12 13:14:09.360 DEBUG shauns-MacBook-Pro.local --- [  restartedMain] o.s.w.s.h.BeanNameUrlHandlerMapping      : Rejected bean name 'spring.jackson-org.springframework.boot.autoconfigure.jackson.JacksonProperties': no URL paths identified
2018-06-12 13:14:09.360 DEBUG shauns-MacBook-Pro.local --- [  restartedMain] o.s.w.s.h.BeanNameUrlHandlerMapping      : Rejected bean name 'org.springframework.boot.autoconfigure.jackson.JacksonAutoConfiguration$JacksonObjectMapperBuilderConfiguration': no URL paths identified
2018-06-12 13:14:09.360 DEBUG shauns-MacBook-Pro.local --- [  restartedMain] o.s.w.s.h.BeanNameUrlHandlerMapping      : Rejected bean name 'jacksonObjectMapperBuilder': no URL paths identified
2018-06-12 13:14:09.360 DEBUG shauns-MacBook-Pro.local --- [  restartedMain] o.s.w.s.h.BeanNameUrlHandlerMapping      : Rejected bean name 'org.springframework.boot.autoconfigure.jackson.JacksonAutoConfiguration$ParameterNamesModuleConfiguration': no URL paths identified
2018-06-12 13:14:09.360 DEBUG shauns-MacBook-Pro.local --- [  restartedMain] o.s.w.s.h.BeanNameUrlHandlerMapping      : Rejected bean name 'parameterNamesModule': no URL paths identified
2018-06-12 13:14:09.360 DEBUG shauns-MacBook-Pro.local --- [  restartedMain] o.s.w.s.h.BeanNameUrlHandlerMapping      : Rejected bean name 'org.springframework.boot.autoconfigure.jackson.JacksonAutoConfiguration$JacksonObjectMapperConfiguration': no URL paths identified
2018-06-12 13:14:09.361 DEBUG shauns-MacBook-Pro.local --- [  restartedMain] o.s.w.s.h.BeanNameUrlHandlerMapping      : Rejected bean name 'jacksonObjectMapper': no URL paths identified
2018-06-12 13:14:09.361 DEBUG shauns-MacBook-Pro.local --- [  restartedMain] o.s.w.s.h.BeanNameUrlHandlerMapping      : Rejected bean name 'org.springframework.boot.autoconfigure.jackson.JacksonAutoConfiguration': no URL paths identified
2018-06-12 13:14:09.361 DEBUG shauns-MacBook-Pro.local --- [  restartedMain] o.s.w.s.h.BeanNameUrlHandlerMapping      : Rejected bean name 'jsonComponentModule': no URL paths identified
2018-06-12 13:14:09.361 DEBUG shauns-MacBook-Pro.local --- [  restartedMain] o.s.w.s.h.BeanNameUrlHandlerMapping      : Rejected bean name 'org.springframework.boot.autoconfigure.http.HttpMessageConvertersAutoConfiguration$StringHttpMessageConverterConfiguration': no URL paths identified
2018-06-12 13:14:09.361 DEBUG shauns-MacBook-Pro.local --- [  restartedMain] o.s.w.s.h.BeanNameUrlHandlerMapping      : Rejected bean name 'stringHttpMessageConverter': no URL paths identified
2018-06-12 13:14:09.361 DEBUG shauns-MacBook-Pro.local --- [  restartedMain] o.s.w.s.h.BeanNameUrlHandlerMapping      : Rejected bean name 'spring.http.encoding-org.springframework.boot.autoconfigure.http.HttpEncodingProperties': no URL paths identified
2018-06-12 13:14:09.361 DEBUG shauns-MacBook-Pro.local --- [  restartedMain] o.s.w.s.h.BeanNameUrlHandlerMapping      : Rejected bean name 'org.springframework.boot.autoconfigure.http.JacksonHttpMessageConvertersConfiguration$MappingJackson2HttpMessageConverterConfiguration': no URL paths identified
2018-06-12 13:14:09.361 DEBUG shauns-MacBook-Pro.local --- [  restartedMain] o.s.w.s.h.BeanNameUrlHandlerMapping      : Rejected bean name 'mappingJackson2HttpMessageConverter': no URL paths identified
2018-06-12 13:14:09.361 DEBUG shauns-MacBook-Pro.local --- [  restartedMain] o.s.w.s.h.BeanNameUrlHandlerMapping      : Rejected bean name 'org.springframework.boot.autoconfigure.http.JacksonHttpMessageConvertersConfiguration': no URL paths identified
2018-06-12 13:14:09.361 DEBUG shauns-MacBook-Pro.local --- [  restartedMain] o.s.w.s.h.BeanNameUrlHandlerMapping      : Rejected bean name 'org.springframework.boot.autoconfigure.http.HttpMessageConvertersAutoConfiguration': no URL paths identified
2018-06-12 13:14:09.361 DEBUG shauns-MacBook-Pro.local --- [  restartedMain] o.s.w.s.h.BeanNameUrlHandlerMapping      : Rejected bean name 'messageConverters': no URL paths identified
2018-06-12 13:14:09.361 DEBUG shauns-MacBook-Pro.local --- [  restartedMain] o.s.w.s.h.BeanNameUrlHandlerMapping      : Rejected bean name 'org.springframework.boot.autoconfigure.http.codec.CodecsAutoConfiguration$JacksonCodecConfiguration': no URL paths identified
2018-06-12 13:14:09.361 DEBUG shauns-MacBook-Pro.local --- [  restartedMain] o.s.w.s.h.BeanNameUrlHandlerMapping      : Rejected bean name 'jacksonCodecCustomizer': no URL paths identified
2018-06-12 13:14:09.361 DEBUG shauns-MacBook-Pro.local --- [  restartedMain] o.s.w.s.h.BeanNameUrlHandlerMapping      : Rejected bean name 'org.springframework.boot.autoconfigure.http.codec.CodecsAutoConfiguration': no URL paths identified
2018-06-12 13:14:09.361 DEBUG shauns-MacBook-Pro.local --- [  restartedMain] o.s.w.s.h.BeanNameUrlHandlerMapping      : Rejected bean name 'org.springframework.boot.autoconfigure.info.ProjectInfoAutoConfiguration': no URL paths identified
2018-06-12 13:14:09.361 DEBUG shauns-MacBook-Pro.local --- [  restartedMain] o.s.w.s.h.BeanNameUrlHandlerMapping      : Rejected bean name 'spring.info-org.springframework.boot.autoconfigure.info.ProjectInfoProperties': no URL paths identified
2018-06-12 13:14:09.361 DEBUG shauns-MacBook-Pro.local --- [  restartedMain] o.s.w.s.h.BeanNameUrlHandlerMapping      : Rejected bean name 'org.springframework.boot.autoconfigure.security.reactive.ReactiveSecurityAutoConfiguration': no URL paths identified
2018-06-12 13:14:09.362 DEBUG shauns-MacBook-Pro.local --- [  restartedMain] o.s.w.s.h.BeanNameUrlHandlerMapping      : Rejected bean name 'spring.security-org.springframework.boot.autoconfigure.security.SecurityProperties': no URL paths identified
2018-06-12 13:14:09.362 DEBUG shauns-MacBook-Pro.local --- [  restartedMain] o.s.w.s.h.BeanNameUrlHandlerMapping      : Rejected bean name 'org.springframework.boot.autoconfigure.web.client.RestTemplateAutoConfiguration': no URL paths identified
2018-06-12 13:14:09.362 DEBUG shauns-MacBook-Pro.local --- [  restartedMain] o.s.w.s.h.BeanNameUrlHandlerMapping      : Rejected bean name 'restTemplateBuilder': no URL paths identified
2018-06-12 13:14:09.362 DEBUG shauns-MacBook-Pro.local --- [  restartedMain] o.s.w.s.h.BeanNameUrlHandlerMapping      : Rejected bean name 'org.springframework.boot.autoconfigure.web.embedded.EmbeddedWebServerFactoryCustomizerAutoConfiguration$TomcatWebServerFactoryCustomizerConfiguration': no URL paths identified
2018-06-12 13:14:09.362 DEBUG shauns-MacBook-Pro.local --- [  restartedMain] o.s.w.s.h.BeanNameUrlHandlerMapping      : Rejected bean name 'tomcatWebServerFactoryCustomizer': no URL paths identified
2018-06-12 13:14:09.362 DEBUG shauns-MacBook-Pro.local --- [  restartedMain] o.s.w.s.h.BeanNameUrlHandlerMapping      : Rejected bean name 'org.springframework.boot.autoconfigure.web.embedded.EmbeddedWebServerFactoryCustomizerAutoConfiguration': no URL paths identified
2018-06-12 13:14:09.362 DEBUG shauns-MacBook-Pro.local --- [  restartedMain] o.s.w.s.h.BeanNameUrlHandlerMapping      : Rejected bean name 'org.springframework.boot.autoconfigure.web.servlet.HttpEncodingAutoConfiguration': no URL paths identified
2018-06-12 13:14:09.362 DEBUG shauns-MacBook-Pro.local --- [  restartedMain] o.s.w.s.h.BeanNameUrlHandlerMapping      : Rejected bean name 'characterEncodingFilter': no URL paths identified
2018-06-12 13:14:09.362 DEBUG shauns-MacBook-Pro.local --- [  restartedMain] o.s.w.s.h.BeanNameUrlHandlerMapping      : Rejected bean name 'localeCharsetMappingsCustomizer': no URL paths identified
2018-06-12 13:14:09.362 DEBUG shauns-MacBook-Pro.local --- [  restartedMain] o.s.w.s.h.BeanNameUrlHandlerMapping      : Rejected bean name 'org.springframework.boot.autoconfigure.web.servlet.MultipartAutoConfiguration': no URL paths identified
2018-06-12 13:14:09.362 DEBUG shauns-MacBook-Pro.local --- [  restartedMain] o.s.w.s.h.BeanNameUrlHandlerMapping      : Rejected bean name 'multipartConfigElement': no URL paths identified
2018-06-12 13:14:09.362 DEBUG shauns-MacBook-Pro.local --- [  restartedMain] o.s.w.s.h.BeanNameUrlHandlerMapping      : Rejected bean name 'multipartResolver': no URL paths identified
2018-06-12 13:14:09.362 DEBUG shauns-MacBook-Pro.local --- [  restartedMain] o.s.w.s.h.BeanNameUrlHandlerMapping      : Rejected bean name 'spring.servlet.multipart-org.springframework.boot.autoconfigure.web.servlet.MultipartProperties': no URL paths identified
2018-06-12 13:14:09.362 DEBUG shauns-MacBook-Pro.local --- [  restartedMain] o.s.w.s.h.BeanNameUrlHandlerMapping      : Rejected bean name 'org.springframework.boot.devtools.autoconfigure.LocalDevToolsAutoConfiguration$RestartConfiguration': no URL paths identified
2018-06-12 13:14:09.362 DEBUG shauns-MacBook-Pro.local --- [  restartedMain] o.s.w.s.h.BeanNameUrlHandlerMapping      : Rejected bean name 'classPathFileSystemWatcher': no URL paths identified
2018-06-12 13:14:09.362 DEBUG shauns-MacBook-Pro.local --- [  restartedMain] o.s.w.s.h.BeanNameUrlHandlerMapping      : Rejected bean name 'classPathRestartStrategy': no URL paths identified
2018-06-12 13:14:09.362 DEBUG shauns-MacBook-Pro.local --- [  restartedMain] o.s.w.s.h.BeanNameUrlHandlerMapping      : Rejected bean name 'hateoasObjenesisCacheDisabler': no URL paths identified
2018-06-12 13:14:09.362 DEBUG shauns-MacBook-Pro.local --- [  restartedMain] o.s.w.s.h.BeanNameUrlHandlerMapping      : Rejected bean name 'fileSystemWatcherFactory': no URL paths identified
2018-06-12 13:14:09.362 DEBUG shauns-MacBook-Pro.local --- [  restartedMain] o.s.w.s.h.BeanNameUrlHandlerMapping      : Rejected bean name 'conditionEvaluationDeltaLoggingListener': no URL paths identified
2018-06-12 13:14:09.362 DEBUG shauns-MacBook-Pro.local --- [  restartedMain] o.s.w.s.h.BeanNameUrlHandlerMapping      : Rejected bean name 'org.springframework.boot.devtools.autoconfigure.LocalDevToolsAutoConfiguration$LiveReloadConfiguration': no URL paths identified
2018-06-12 13:14:09.362 DEBUG shauns-MacBook-Pro.local --- [  restartedMain] o.s.w.s.h.BeanNameUrlHandlerMapping      : Rejected bean name 'liveReloadServer': no URL paths identified
2018-06-12 13:14:09.363 DEBUG shauns-MacBook-Pro.local --- [  restartedMain] o.s.w.s.h.BeanNameUrlHandlerMapping      : Rejected bean name 'optionalLiveReloadServer': no URL paths identified
2018-06-12 13:14:09.363 DEBUG shauns-MacBook-Pro.local --- [  restartedMain] o.s.w.s.h.BeanNameUrlHandlerMapping      : Rejected bean name 'liveReloadServerEventListener': no URL paths identified
2018-06-12 13:14:09.363 DEBUG shauns-MacBook-Pro.local --- [  restartedMain] o.s.w.s.h.BeanNameUrlHandlerMapping      : Rejected bean name 'org.springframework.boot.devtools.autoconfigure.LocalDevToolsAutoConfiguration': no URL paths identified
2018-06-12 13:14:09.363 DEBUG shauns-MacBook-Pro.local --- [  restartedMain] o.s.w.s.h.BeanNameUrlHandlerMapping      : Rejected bean name 'spring.devtools-org.springframework.boot.devtools.autoconfigure.DevToolsProperties': no URL paths identified
2018-06-12 13:14:09.363 DEBUG shauns-MacBook-Pro.local --- [  restartedMain] o.s.w.s.h.BeanNameUrlHandlerMapping      : Rejected bean name 'autoConfigurationReport': no URL paths identified
2018-06-12 13:14:09.363 DEBUG shauns-MacBook-Pro.local --- [  restartedMain] o.s.w.s.h.BeanNameUrlHandlerMapping      : Rejected bean name 'org.springframework.boot.context.ContextIdApplicationContextInitializer$ContextId': no URL paths identified
2018-06-12 13:14:09.363 DEBUG shauns-MacBook-Pro.local --- [  restartedMain] o.s.w.s.h.BeanNameUrlHandlerMapping      : Rejected bean name 'springApplicationArguments': no URL paths identified
2018-06-12 13:14:09.363 DEBUG shauns-MacBook-Pro.local --- [  restartedMain] o.s.w.s.h.BeanNameUrlHandlerMapping      : Rejected bean name 'springBootBanner': no URL paths identified
2018-06-12 13:14:09.363 DEBUG shauns-MacBook-Pro.local --- [  restartedMain] o.s.w.s.h.BeanNameUrlHandlerMapping      : Rejected bean name 'springBootLoggingSystem': no URL paths identified
2018-06-12 13:14:09.363 DEBUG shauns-MacBook-Pro.local --- [  restartedMain] o.s.w.s.h.BeanNameUrlHandlerMapping      : Rejected bean name 'environment': no URL paths identified
2018-06-12 13:14:09.363 DEBUG shauns-MacBook-Pro.local --- [  restartedMain] o.s.w.s.h.BeanNameUrlHandlerMapping      : Rejected bean name 'systemProperties': no URL paths identified
2018-06-12 13:14:09.363 DEBUG shauns-MacBook-Pro.local --- [  restartedMain] o.s.w.s.h.BeanNameUrlHandlerMapping      : Rejected bean name 'systemEnvironment': no URL paths identified
2018-06-12 13:14:09.363 DEBUG shauns-MacBook-Pro.local --- [  restartedMain] o.s.w.s.h.BeanNameUrlHandlerMapping      : Rejected bean name 'org.springframework.context.annotation.ConfigurationClassPostProcessor.importRegistry': no URL paths identified
2018-06-12 13:14:09.363 DEBUG shauns-MacBook-Pro.local --- [  restartedMain] o.s.w.s.h.BeanNameUrlHandlerMapping      : Rejected bean name 'messageSource': no URL paths identified
2018-06-12 13:14:09.363 DEBUG shauns-MacBook-Pro.local --- [  restartedMain] o.s.w.s.h.BeanNameUrlHandlerMapping      : Rejected bean name 'applicationEventMulticaster': no URL paths identified
2018-06-12 13:14:09.363 DEBUG shauns-MacBook-Pro.local --- [  restartedMain] o.s.w.s.h.BeanNameUrlHandlerMapping      : Rejected bean name 'servletContext': no URL paths identified
2018-06-12 13:14:09.363 DEBUG shauns-MacBook-Pro.local --- [  restartedMain] o.s.w.s.h.BeanNameUrlHandlerMapping      : Rejected bean name 'contextParameters': no URL paths identified
2018-06-12 13:14:09.363 DEBUG shauns-MacBook-Pro.local --- [  restartedMain] o.s.w.s.h.BeanNameUrlHandlerMapping      : Rejected bean name 'contextAttributes': no URL paths identified
2018-06-12 13:14:09.367  INFO shauns-MacBook-Pro.local --- [  restartedMain] o.s.w.s.h.SimpleUrlHandlerMapping        : Mapped URL path [/webjars/**] onto handler of type [class org.springframework.web.servlet.resource.ResourceHttpRequestHandler]
2018-06-12 13:14:09.367  INFO shauns-MacBook-Pro.local --- [  restartedMain] o.s.w.s.h.SimpleUrlHandlerMapping        : Mapped URL path [/**] onto handler of type [class org.springframework.web.servlet.resource.ResourceHttpRequestHandler]
2018-06-12 13:14:09.377 DEBUG shauns-MacBook-Pro.local --- [  restartedMain] .m.m.a.ExceptionHandlerExceptionResolver : Looking for exception mappings: org.springframework.boot.web.servlet.context.AnnotationConfigServletWebServerApplicationContext@30931e5: startup date [Tue Jun 12 13:14:07 BST 2018]; root of context hierarchy
2018-06-12 13:14:09.506  INFO shauns-MacBook-Pro.local --- [  restartedMain] o.s.b.d.a.OptionalLiveReloadServer       : LiveReload server is running on port 35729
2018-06-12 13:14:09.534  INFO shauns-MacBook-Pro.local --- [  restartedMain] o.s.j.e.a.AnnotationMBeanExporter        : Registering beans for JMX exposure on startup
2018-06-12 13:14:09.551 DEBUG shauns-MacBook-Pro.local --- [  restartedMain] o.s.w.s.r.ResourceUrlProvider            : Looking for resource handler mappings
2018-06-12 13:14:09.553 DEBUG shauns-MacBook-Pro.local --- [  restartedMain] o.s.w.s.r.ResourceUrlProvider            : Found resource handler mapping: URL pattern="/**/favicon.ico", locations=[class path resource [META-INF/resources/], class path resource [resources/], class path resource [static/], class path resource [public/], ServletContext resource [/], class path resource []], resolvers=[org.springframework.web.servlet.resource.PathResourceResolver@3269a7a3]
2018-06-12 13:14:09.553 DEBUG shauns-MacBook-Pro.local --- [  restartedMain] o.s.w.s.r.ResourceUrlProvider            : Found resource handler mapping: URL pattern="/webjars/**", locations=[class path resource [META-INF/resources/webjars/]], resolvers=[org.springframework.web.servlet.resource.PathResourceResolver@bb5d7e]
2018-06-12 13:14:09.553 DEBUG shauns-MacBook-Pro.local --- [  restartedMain] o.s.w.s.r.ResourceUrlProvider            : Found resource handler mapping: URL pattern="/**", locations=[class path resource [META-INF/resources/], class path resource [resources/], class path resource [static/], class path resource [public/], ServletContext resource [/]], resolvers=[org.springframework.web.servlet.resource.PathResourceResolver@3a507226]
2018-06-12 13:14:09.556  INFO shauns-MacBook-Pro.local --- [  restartedMain] o.a.c.h.Http11NioProtocol                : Starting ProtocolHandler ["http-nio-8080"]
2018-06-12 13:14:09.589  INFO shauns-MacBook-Pro.local --- [  restartedMain] o.a.t.u.n.NioSelectorPool                : Using a shared selector for servlet write/read
2018-06-12 13:14:09.605  INFO shauns-MacBook-Pro.local --- [  restartedMain] o.s.b.w.e.t.TomcatWebServer              : Tomcat started on port(s): 8080 (http) with context path ''
2018-06-12 13:14:09.606 DEBUG shauns-MacBook-Pro.local --- [  restartedMain] o.s.w.c.s.StandardServletEnvironment     : Adding PropertySource 'server.ports' with highest search precedence
2018-06-12 13:14:09.613  INFO shauns-MacBook-Pro.local --- [  restartedMain] c.b.a.RestApiTemplateApplication         : Started RestApiTemplateApplication in 2.031 seconds (JVM running for 3.25)
2018-06-12 13:15:07.438  INFO shauns-MacBook-Pro.local --- [      Thread-14] ConfigServletWebServerApplicationContext : Closing org.springframework.boot.web.servlet.context.AnnotationConfigServletWebServerApplicationContext@30931e5: startup date [Tue Jun 12 13:14:07 BST 2018]; root of context hierarchy
2018-06-12 13:15:07.441  INFO shauns-MacBook-Pro.local --- [      Thread-14] o.s.j.e.a.AnnotationMBeanExporter        : Unregistering JMX-exposed beans on shutdown
2018-06-12 13:15:10.018 DEBUG shauns-MacBook-Pro.local --- [  restartedMain] o.s.w.c.s.StandardServletEnvironment     : Adding PropertySource 'configurationProperties' with highest search precedence
2018-06-12 13:15:10.045 DEBUG shauns-MacBook-Pro.local --- [  restartedMain] o.s.w.c.s.StandardServletEnvironment     : Adding PropertySource 'servletConfigInitParams' with lowest search precedence
2018-06-12 13:15:10.045 DEBUG shauns-MacBook-Pro.local --- [  restartedMain] o.s.w.c.s.StandardServletEnvironment     : Adding PropertySource 'servletContextInitParams' with lowest search precedence
2018-06-12 13:15:10.046 DEBUG shauns-MacBook-Pro.local --- [  restartedMain] o.s.w.c.s.StandardServletEnvironment     : Adding PropertySource 'systemProperties' with lowest search precedence
2018-06-12 13:15:10.046 DEBUG shauns-MacBook-Pro.local --- [  restartedMain] o.s.w.c.s.StandardServletEnvironment     : Adding PropertySource 'systemEnvironment' with lowest search precedence
2018-06-12 13:15:10.046 DEBUG shauns-MacBook-Pro.local --- [  restartedMain] o.s.w.c.s.StandardServletEnvironment     : Initialized StandardServletEnvironment with PropertySources [StubPropertySource {name='servletConfigInitParams'}, StubPropertySource {name='servletContextInitParams'}, MapPropertySource {name='systemProperties'}, SystemEnvironmentPropertySource {name='systemEnvironment'}]
2018-06-12 13:15:10.096  INFO shauns-MacBook-Pro.local --- [  restartedMain] c.b.a.RestApiTemplateApplication         : Starting RestApiTemplateApplication on shauns-MacBook-Pro.local with PID 1441 (/Users/shaun/dev/rest-api-template/target/classes started by shaun in /Users/shaun/dev/rest-api-template)
2018-06-12 13:15:10.097  INFO shauns-MacBook-Pro.local --- [  restartedMain] c.b.a.RestApiTemplateApplication         : No active profile set, falling back to default profiles: default
2018-06-12 13:15:10.135  INFO shauns-MacBook-Pro.local --- [  restartedMain] ConfigServletWebServerApplicationContext : Refreshing org.springframework.boot.web.servlet.context.AnnotationConfigServletWebServerApplicationContext@109068a1: startup date [Tue Jun 12 13:15:10 BST 2018]; root of context hierarchy
2018-06-12 13:15:10.734 DEBUG shauns-MacBook-Pro.local --- [  restartedMain] o.s.w.c.s.StandardServletEnvironment     : Removing PropertySource 'defaultProperties'
2018-06-12 13:15:11.030  INFO shauns-MacBook-Pro.local --- [  restartedMain] o.s.b.w.e.t.TomcatWebServer              : Tomcat initialized with port(s): 8080 (http)
2018-06-12 13:15:11.048  INFO shauns-MacBook-Pro.local --- [  restartedMain] o.a.c.h.Http11NioProtocol                : Initializing ProtocolHandler ["http-nio-8080"]
2018-06-12 13:15:11.057  INFO shauns-MacBook-Pro.local --- [  restartedMain] o.a.c.c.StandardService                  : Starting service [Tomcat]
2018-06-12 13:15:11.057  INFO shauns-MacBook-Pro.local --- [  restartedMain] o.a.c.c.StandardEngine                   : Starting Servlet Engine: Apache Tomcat/8.5.31
2018-06-12 13:15:11.060  INFO shauns-MacBook-Pro.local --- [ost-startStop-1] o.a.c.c.AprLifecycleListener             : The APR based Apache Tomcat Native library which allows optimal performance in production environments was not found on the java.library.path: [/Users/shaun/Library/Java/Extensions:/Library/Java/Extensions:/Network/Library/Java/Extensions:/System/Library/Java/Extensions:/usr/lib/java:.]
2018-06-12 13:15:11.115  INFO shauns-MacBook-Pro.local --- [ost-startStop-1] o.a.c.c.C.[.[.[/]                        : Initializing Spring embedded WebApplicationContext
2018-06-12 13:15:11.115 DEBUG shauns-MacBook-Pro.local --- [ost-startStop-1] o.s.w.c.ContextLoader                    : Published root WebApplicationContext as ServletContext attribute with name [org.springframework.web.context.WebApplicationContext.ROOT]
2018-06-12 13:15:11.115  INFO shauns-MacBook-Pro.local --- [ost-startStop-1] o.s.w.c.ContextLoader                    : Root WebApplicationContext: initialization completed in 983 ms
2018-06-12 13:15:11.207  INFO shauns-MacBook-Pro.local --- [ost-startStop-1] o.s.b.w.s.ServletRegistrationBean        : Servlet dispatcherServlet mapped to [/]
2018-06-12 13:15:11.209  INFO shauns-MacBook-Pro.local --- [ost-startStop-1] o.s.b.w.s.FilterRegistrationBean         : Mapping filter: 'characterEncodingFilter' to: [/*]
2018-06-12 13:15:11.210  INFO shauns-MacBook-Pro.local --- [ost-startStop-1] o.s.b.w.s.FilterRegistrationBean         : Mapping filter: 'hiddenHttpMethodFilter' to: [/*]
2018-06-12 13:15:11.210  INFO shauns-MacBook-Pro.local --- [ost-startStop-1] o.s.b.w.s.FilterRegistrationBean         : Mapping filter: 'httpPutFormContentFilter' to: [/*]
2018-06-12 13:15:11.210  INFO shauns-MacBook-Pro.local --- [ost-startStop-1] o.s.b.w.s.FilterRegistrationBean         : Mapping filter: 'requestContextFilter' to: [/*]
2018-06-12 13:15:11.222 DEBUG shauns-MacBook-Pro.local --- [  restartedMain] o.s.w.c.s.StandardServletEnvironment     : Replacing PropertySource 'servletContextInitParams' with 'servletContextInitParams'
2018-06-12 13:15:11.320  INFO shauns-MacBook-Pro.local --- [  restartedMain] o.s.w.s.h.SimpleUrlHandlerMapping        : Mapped URL path [/**/favicon.ico] onto handler of type [class org.springframework.web.servlet.resource.ResourceHttpRequestHandler]
2018-06-12 13:15:11.512  INFO shauns-MacBook-Pro.local --- [  restartedMain] s.w.s.m.m.a.RequestMappingHandlerAdapter : Looking for @ControllerAdvice: org.springframework.boot.web.servlet.context.AnnotationConfigServletWebServerApplicationContext@109068a1: startup date [Tue Jun 12 13:15:10 BST 2018]; root of context hierarchy
2018-06-12 13:15:11.556 DEBUG shauns-MacBook-Pro.local --- [  restartedMain] s.w.s.m.m.a.RequestMappingHandlerMapping : Looking for request mappings in application context: org.springframework.boot.web.servlet.context.AnnotationConfigServletWebServerApplicationContext@109068a1: startup date [Tue Jun 12 13:15:10 BST 2018]; root of context hierarchy
2018-06-12 13:15:11.564 DEBUG shauns-MacBook-Pro.local --- [  restartedMain] s.w.s.m.m.a.RequestMappingHandlerMapping : 1 request handler methods found on class com.bespokesoft.api.controllers.HealthController: {public com.bespokesoft.api.dto.APIResponse com.bespokesoft.api.controllers.HealthController.testHealth()={[/health],methods=[GET],produces=[application/json]}}
2018-06-12 13:15:11.565  INFO shauns-MacBook-Pro.local --- [  restartedMain] s.w.s.m.m.a.RequestMappingHandlerMapping : Mapped "{[/health],methods=[GET],produces=[application/json]}" onto public com.bespokesoft.api.dto.APIResponse com.bespokesoft.api.controllers.HealthController.testHealth()
2018-06-12 13:15:11.567 DEBUG shauns-MacBook-Pro.local --- [  restartedMain] s.w.s.m.m.a.RequestMappingHandlerMapping : 2 request handler methods found on class org.springframework.boot.autoconfigure.web.servlet.error.BasicErrorController: {public org.springframework.http.ResponseEntity org.springframework.boot.autoconfigure.web.servlet.error.BasicErrorController.error(javax.servlet.http.HttpServletRequest)={[/error]}, public org.springframework.web.servlet.ModelAndView org.springframework.boot.autoconfigure.web.servlet.error.BasicErrorController.errorHtml(javax.servlet.http.HttpServletRequest,javax.servlet.http.HttpServletResponse)={[/error],produces=[text/html]}}
2018-06-12 13:15:11.569  INFO shauns-MacBook-Pro.local --- [  restartedMain] s.w.s.m.m.a.RequestMappingHandlerMapping : Mapped "{[/error]}" onto public org.springframework.http.ResponseEntity<java.util.Map<java.lang.String, java.lang.Object>> org.springframework.boot.autoconfigure.web.servlet.error.BasicErrorController.error(javax.servlet.http.HttpServletRequest)
2018-06-12 13:15:11.569  INFO shauns-MacBook-Pro.local --- [  restartedMain] s.w.s.m.m.a.RequestMappingHandlerMapping : Mapped "{[/error],produces=[text/html]}" onto public org.springframework.web.servlet.ModelAndView org.springframework.boot.autoconfigure.web.servlet.error.BasicErrorController.errorHtml(javax.servlet.http.HttpServletRequest,javax.servlet.http.HttpServletResponse)
2018-06-12 13:15:11.584 DEBUG shauns-MacBook-Pro.local --- [  restartedMain] o.s.w.s.h.BeanNameUrlHandlerMapping      : Looking for URL mappings in application context: org.springframework.boot.web.servlet.context.AnnotationConfigServletWebServerApplicationContext@109068a1: startup date [Tue Jun 12 13:15:10 BST 2018]; root of context hierarchy
2018-06-12 13:15:11.584 DEBUG shauns-MacBook-Pro.local --- [  restartedMain] o.s.w.s.h.BeanNameUrlHandlerMapping      : Rejected bean name 'org.springframework.context.annotation.internalConfigurationAnnotationProcessor': no URL paths identified
2018-06-12 13:15:11.584 DEBUG shauns-MacBook-Pro.local --- [  restartedMain] o.s.w.s.h.BeanNameUrlHandlerMapping      : Rejected bean name 'org.springframework.context.annotation.internalAutowiredAnnotationProcessor': no URL paths identified
2018-06-12 13:15:11.584 DEBUG shauns-MacBook-Pro.local --- [  restartedMain] o.s.w.s.h.BeanNameUrlHandlerMapping      : Rejected bean name 'org.springframework.context.annotation.internalRequiredAnnotationProcessor': no URL paths identified
2018-06-12 13:15:11.584 DEBUG shauns-MacBook-Pro.local --- [  restartedMain] o.s.w.s.h.BeanNameUrlHandlerMapping      : Rejected bean name 'org.springframework.context.annotation.internalCommonAnnotationProcessor': no URL paths identified
2018-06-12 13:15:11.584 DEBUG shauns-MacBook-Pro.local --- [  restartedMain] o.s.w.s.h.BeanNameUrlHandlerMapping      : Rejected bean name 'org.springframework.context.event.internalEventListenerProcessor': no URL paths identified
2018-06-12 13:15:11.584 DEBUG shauns-MacBook-Pro.local --- [  restartedMain] o.s.w.s.h.BeanNameUrlHandlerMapping      : Rejected bean name 'org.springframework.context.event.internalEventListenerFactory': no URL paths identified
2018-06-12 13:15:11.584 DEBUG shauns-MacBook-Pro.local --- [  restartedMain] o.s.w.s.h.BeanNameUrlHandlerMapping      : Rejected bean name 'restApiTemplateApplication': no URL paths identified
2018-06-12 13:15:11.585 DEBUG shauns-MacBook-Pro.local --- [  restartedMain] o.s.w.s.h.BeanNameUrlHandlerMapping      : Rejected bean name 'org.springframework.boot.autoconfigure.internalCachingMetadataReaderFactory': no URL paths identified
2018-06-12 13:15:11.585 DEBUG shauns-MacBook-Pro.local --- [  restartedMain] o.s.w.s.h.BeanNameUrlHandlerMapping      : Rejected bean name 'healthController': no URL paths identified
2018-06-12 13:15:11.585 DEBUG shauns-MacBook-Pro.local --- [  restartedMain] o.s.w.s.h.BeanNameUrlHandlerMapping      : Rejected bean name 'healthService': no URL paths identified
2018-06-12 13:15:11.585 DEBUG shauns-MacBook-Pro.local --- [  restartedMain] o.s.w.s.h.BeanNameUrlHandlerMapping      : Rejected bean name 'org.springframework.boot.autoconfigure.AutoConfigurationPackages': no URL paths identified
2018-06-12 13:15:11.585 DEBUG shauns-MacBook-Pro.local --- [  restartedMain] o.s.w.s.h.BeanNameUrlHandlerMapping      : Rejected bean name 'org.springframework.boot.autoconfigure.context.PropertyPlaceholderAutoConfiguration': no URL paths identified
2018-06-12 13:15:11.585 DEBUG shauns-MacBook-Pro.local --- [  restartedMain] o.s.w.s.h.BeanNameUrlHandlerMapping      : Rejected bean name 'org.springframework.boot.autoconfigure.condition.BeanTypeRegistry': no URL paths identified
2018-06-12 13:15:11.585 DEBUG shauns-MacBook-Pro.local --- [  restartedMain] o.s.w.s.h.BeanNameUrlHandlerMapping      : Rejected bean name 'propertySourcesPlaceholderConfigurer': no URL paths identified
2018-06-12 13:15:11.585 DEBUG shauns-MacBook-Pro.local --- [  restartedMain] o.s.w.s.h.BeanNameUrlHandlerMapping      : Rejected bean name 'org.springframework.boot.autoconfigure.websocket.servlet.WebSocketServletAutoConfiguration$TomcatWebSocketConfiguration': no URL paths identified
2018-06-12 13:15:11.586 DEBUG shauns-MacBook-Pro.local --- [  restartedMain] o.s.w.s.h.BeanNameUrlHandlerMapping      : Rejected bean name 'websocketContainerCustomizer': no URL paths identified
2018-06-12 13:15:11.586 DEBUG shauns-MacBook-Pro.local --- [  restartedMain] o.s.w.s.h.BeanNameUrlHandlerMapping      : Rejected bean name 'org.springframework.boot.autoconfigure.websocket.servlet.WebSocketServletAutoConfiguration': no URL paths identified
2018-06-12 13:15:11.586 DEBUG shauns-MacBook-Pro.local --- [  restartedMain] o.s.w.s.h.BeanNameUrlHandlerMapping      : Rejected bean name 'org.springframework.boot.autoconfigure.web.servlet.ServletWebServerFactoryConfiguration$EmbeddedTomcat': no URL paths identified
2018-06-12 13:15:11.586 DEBUG shauns-MacBook-Pro.local --- [  restartedMain] o.s.w.s.h.BeanNameUrlHandlerMapping      : Rejected bean name 'tomcatServletWebServerFactory': no URL paths identified
2018-06-12 13:15:11.586 DEBUG shauns-MacBook-Pro.local --- [  restartedMain] o.s.w.s.h.BeanNameUrlHandlerMapping      : Rejected bean name 'org.springframework.boot.autoconfigure.web.servlet.ServletWebServerFactoryAutoConfiguration': no URL paths identified
2018-06-12 13:15:11.586 DEBUG shauns-MacBook-Pro.local --- [  restartedMain] o.s.w.s.h.BeanNameUrlHandlerMapping      : Rejected bean name 'servletWebServerFactoryCustomizer': no URL paths identified
2018-06-12 13:15:11.586 DEBUG shauns-MacBook-Pro.local --- [  restartedMain] o.s.w.s.h.BeanNameUrlHandlerMapping      : Rejected bean name 'tomcatServletWebServerFactoryCustomizer': no URL paths identified
2018-06-12 13:15:11.586 DEBUG shauns-MacBook-Pro.local --- [  restartedMain] o.s.w.s.h.BeanNameUrlHandlerMapping      : Rejected bean name 'server-org.springframework.boot.autoconfigure.web.ServerProperties': no URL paths identified
2018-06-12 13:15:11.586 DEBUG shauns-MacBook-Pro.local --- [  restartedMain] o.s.w.s.h.BeanNameUrlHandlerMapping      : Rejected bean name 'org.springframework.boot.context.properties.ConfigurationPropertiesBindingPostProcessor': no URL paths identified
2018-06-12 13:15:11.587 DEBUG shauns-MacBook-Pro.local --- [  restartedMain] o.s.w.s.h.BeanNameUrlHandlerMapping      : Rejected bean name 'org.springframework.boot.context.properties.ConfigurationBeanFactoryMetadata': no URL paths identified
2018-06-12 13:15:11.587 DEBUG shauns-MacBook-Pro.local --- [  restartedMain] o.s.w.s.h.BeanNameUrlHandlerMapping      : Rejected bean name 'webServerFactoryCustomizerBeanPostProcessor': no URL paths identified
2018-06-12 13:15:11.587 DEBUG shauns-MacBook-Pro.local --- [  restartedMain] o.s.w.s.h.BeanNameUrlHandlerMapping      : Rejected bean name 'errorPageRegistrarBeanPostProcessor': no URL paths identified
2018-06-12 13:15:11.587 DEBUG shauns-MacBook-Pro.local --- [  restartedMain] o.s.w.s.h.BeanNameUrlHandlerMapping      : Rejected bean name 'org.springframework.boot.autoconfigure.web.servlet.DispatcherServletAutoConfiguration$DispatcherServletConfiguration': no URL paths identified
2018-06-12 13:15:11.587 DEBUG shauns-MacBook-Pro.local --- [  restartedMain] o.s.w.s.h.BeanNameUrlHandlerMapping      : Rejected bean name 'dispatcherServlet': no URL paths identified
2018-06-12 13:15:11.587 DEBUG shauns-MacBook-Pro.local --- [  restartedMain] o.s.w.s.h.BeanNameUrlHandlerMapping      : Rejected bean name 'mainDispatcherServletPathProvider': no URL paths identified
2018-06-12 13:15:11.587 DEBUG shauns-MacBook-Pro.local --- [  restartedMain] o.s.w.s.h.BeanNameUrlHandlerMapping      : Rejected bean name 'spring.mvc-org.springframework.boot.autoconfigure.web.servlet.WebMvcProperties': no URL paths identified
2018-06-12 13:15:11.587 DEBUG shauns-MacBook-Pro.local --- [  restartedMain] o.s.w.s.h.BeanNameUrlHandlerMapping      : Rejected bean name 'org.springframework.boot.autoconfigure.web.servlet.DispatcherServletAutoConfiguration$DispatcherServletRegistrationConfiguration': no URL paths identified
2018-06-12 13:15:11.587 DEBUG shauns-MacBook-Pro.local --- [  restartedMain] o.s.w.s.h.BeanNameUrlHandlerMapping      : Rejected bean name 'dispatcherServletRegistration': no URL paths identified
2018-06-12 13:15:11.588 DEBUG shauns-MacBook-Pro.local --- [  restartedMain] o.s.w.s.h.BeanNameUrlHandlerMapping      : Rejected bean name 'org.springframework.boot.autoconfigure.web.servlet.DispatcherServletAutoConfiguration': no URL paths identified
2018-06-12 13:15:11.588 DEBUG shauns-MacBook-Pro.local --- [  restartedMain] o.s.w.s.h.BeanNameUrlHandlerMapping      : Rejected bean name 'org.springframework.boot.autoconfigure.validation.ValidationAutoConfiguration': no URL paths identified
2018-06-12 13:15:11.588 DEBUG shauns-MacBook-Pro.local --- [  restartedMain] o.s.w.s.h.BeanNameUrlHandlerMapping      : Rejected bean name 'defaultValidator': no URL paths identified
2018-06-12 13:15:11.588 DEBUG shauns-MacBook-Pro.local --- [  restartedMain] o.s.w.s.h.BeanNameUrlHandlerMapping      : Rejected bean name 'methodValidationPostProcessor': no URL paths identified
2018-06-12 13:15:11.588 DEBUG shauns-MacBook-Pro.local --- [  restartedMain] o.s.w.s.h.BeanNameUrlHandlerMapping      : Rejected bean name 'org.springframework.boot.autoconfigure.web.servlet.error.ErrorMvcAutoConfiguration$WhitelabelErrorViewConfiguration': no URL paths identified
2018-06-12 13:15:11.588 DEBUG shauns-MacBook-Pro.local --- [  restartedMain] o.s.w.s.h.BeanNameUrlHandlerMapping      : Rejected bean name 'error': no URL paths identified
2018-06-12 13:15:11.588 DEBUG shauns-MacBook-Pro.local --- [  restartedMain] o.s.w.s.h.BeanNameUrlHandlerMapping      : Rejected bean name 'beanNameViewResolver': no URL paths identified
2018-06-12 13:15:11.588 DEBUG shauns-MacBook-Pro.local --- [  restartedMain] o.s.w.s.h.BeanNameUrlHandlerMapping      : Rejected bean name 'org.springframework.boot.autoconfigure.web.servlet.error.ErrorMvcAutoConfiguration$DefaultErrorViewResolverConfiguration': no URL paths identified
2018-06-12 13:15:11.588 DEBUG shauns-MacBook-Pro.local --- [  restartedMain] o.s.w.s.h.BeanNameUrlHandlerMapping      : Rejected bean name 'conventionErrorViewResolver': no URL paths identified
2018-06-12 13:15:11.589 DEBUG shauns-MacBook-Pro.local --- [  restartedMain] o.s.w.s.h.BeanNameUrlHandlerMapping      : Rejected bean name 'org.springframework.boot.autoconfigure.web.servlet.error.ErrorMvcAutoConfiguration': no URL paths identified
2018-06-12 13:15:11.589 DEBUG shauns-MacBook-Pro.local --- [  restartedMain] o.s.w.s.h.BeanNameUrlHandlerMapping      : Rejected bean name 'errorAttributes': no URL paths identified
2018-06-12 13:15:11.589 DEBUG shauns-MacBook-Pro.local --- [  restartedMain] o.s.w.s.h.BeanNameUrlHandlerMapping      : Rejected bean name 'basicErrorController': no URL paths identified
2018-06-12 13:15:11.589 DEBUG shauns-MacBook-Pro.local --- [  restartedMain] o.s.w.s.h.BeanNameUrlHandlerMapping      : Rejected bean name 'errorPageCustomizer': no URL paths identified
2018-06-12 13:15:11.589 DEBUG shauns-MacBook-Pro.local --- [  restartedMain] o.s.w.s.h.BeanNameUrlHandlerMapping      : Rejected bean name 'preserveErrorControllerTargetClassPostProcessor': no URL paths identified
2018-06-12 13:15:11.589 DEBUG shauns-MacBook-Pro.local --- [  restartedMain] o.s.w.s.h.BeanNameUrlHandlerMapping      : Rejected bean name 'spring.resources-org.springframework.boot.autoconfigure.web.ResourceProperties': no URL paths identified
2018-06-12 13:15:11.589 DEBUG shauns-MacBook-Pro.local --- [  restartedMain] o.s.w.s.h.BeanNameUrlHandlerMapping      : Rejected bean name 'org.springframework.boot.autoconfigure.web.servlet.WebMvcAutoConfiguration$WebMvcAutoConfigurationAdapter$FaviconConfiguration': no URL paths identified
2018-06-12 13:15:11.589 DEBUG shauns-MacBook-Pro.local --- [  restartedMain] o.s.w.s.h.BeanNameUrlHandlerMapping      : Rejected bean name 'faviconHandlerMapping': no URL paths identified
2018-06-12 13:15:11.589 DEBUG shauns-MacBook-Pro.local --- [  restartedMain] o.s.w.s.h.BeanNameUrlHandlerMapping      : Rejected bean name 'faviconRequestHandler': no URL paths identified
2018-06-12 13:15:11.589 DEBUG shauns-MacBook-Pro.local --- [  restartedMain] o.s.w.s.h.BeanNameUrlHandlerMapping      : Rejected bean name 'org.springframework.boot.autoconfigure.web.servlet.WebMvcAutoConfiguration$EnableWebMvcConfiguration': no URL paths identified
2018-06-12 13:15:11.589 DEBUG shauns-MacBook-Pro.local --- [  restartedMain] o.s.w.s.h.BeanNameUrlHandlerMapping      : Rejected bean name 'requestMappingHandlerAdapter': no URL paths identified
2018-06-12 13:15:11.589 DEBUG shauns-MacBook-Pro.local --- [  restartedMain] o.s.w.s.h.BeanNameUrlHandlerMapping      : Rejected bean name 'requestMappingHandlerMapping': no URL paths identified
2018-06-12 13:15:11.589 DEBUG shauns-MacBook-Pro.local --- [  restartedMain] o.s.w.s.h.BeanNameUrlHandlerMapping      : Rejected bean name 'mvcConversionService': no URL paths identified
2018-06-12 13:15:11.590 DEBUG shauns-MacBook-Pro.local --- [  restartedMain] o.s.w.s.h.BeanNameUrlHandlerMapping      : Rejected bean name 'mvcValidator': no URL paths identified
2018-06-12 13:15:11.590 DEBUG shauns-MacBook-Pro.local --- [  restartedMain] o.s.w.s.h.BeanNameUrlHandlerMapping      : Rejected bean name 'mvcContentNegotiationManager': no URL paths identified
2018-06-12 13:15:11.590 DEBUG shauns-MacBook-Pro.local --- [  restartedMain] o.s.w.s.h.BeanNameUrlHandlerMapping      : Rejected bean name 'mvcPathMatcher': no URL paths identified
2018-06-12 13:15:11.590 DEBUG shauns-MacBook-Pro.local --- [  restartedMain] o.s.w.s.h.BeanNameUrlHandlerMapping      : Rejected bean name 'mvcUrlPathHelper': no URL paths identified
2018-06-12 13:15:11.590 DEBUG shauns-MacBook-Pro.local --- [  restartedMain] o.s.w.s.h.BeanNameUrlHandlerMapping      : Rejected bean name 'viewControllerHandlerMapping': no URL paths identified
2018-06-12 13:15:11.590 DEBUG shauns-MacBook-Pro.local --- [  restartedMain] o.s.w.s.h.BeanNameUrlHandlerMapping      : Rejected bean name 'beanNameHandlerMapping': no URL paths identified
2018-06-12 13:15:11.590 DEBUG shauns-MacBook-Pro.local --- [  restartedMain] o.s.w.s.h.BeanNameUrlHandlerMapping      : Rejected bean name 'resourceHandlerMapping': no URL paths identified
2018-06-12 13:15:11.590 DEBUG shauns-MacBook-Pro.local --- [  restartedMain] o.s.w.s.h.BeanNameUrlHandlerMapping      : Rejected bean name 'mvcResourceUrlProvider': no URL paths identified
2018-06-12 13:15:11.590 DEBUG shauns-MacBook-Pro.local --- [  restartedMain] o.s.w.s.h.BeanNameUrlHandlerMapping      : Rejected bean name 'defaultServletHandlerMapping': no URL paths identified
2018-06-12 13:15:11.590 DEBUG shauns-MacBook-Pro.local --- [  restartedMain] o.s.w.s.h.BeanNameUrlHandlerMapping      : Rejected bean name 'mvcUriComponentsContributor': no URL paths identified
2018-06-12 13:15:11.590 DEBUG shauns-MacBook-Pro.local --- [  restartedMain] o.s.w.s.h.BeanNameUrlHandlerMapping      : Rejected bean name 'httpRequestHandlerAdapter': no URL paths identified
2018-06-12 13:15:11.590 DEBUG shauns-MacBook-Pro.local --- [  restartedMain] o.s.w.s.h.BeanNameUrlHandlerMapping      : Rejected bean name 'simpleControllerHandlerAdapter': no URL paths identified
2018-06-12 13:15:11.590 DEBUG shauns-MacBook-Pro.local --- [  restartedMain] o.s.w.s.h.BeanNameUrlHandlerMapping      : Rejected bean name 'handlerExceptionResolver': no URL paths identified
2018-06-12 13:15:11.591 DEBUG shauns-MacBook-Pro.local --- [  restartedMain] o.s.w.s.h.BeanNameUrlHandlerMapping      : Rejected bean name 'mvcViewResolver': no URL paths identified
2018-06-12 13:15:11.591 DEBUG shauns-MacBook-Pro.local --- [  restartedMain] o.s.w.s.h.BeanNameUrlHandlerMapping      : Rejected bean name 'mvcHandlerMappingIntrospector': no URL paths identified
2018-06-12 13:15:11.591 DEBUG shauns-MacBook-Pro.local --- [  restartedMain] o.s.w.s.h.BeanNameUrlHandlerMapping      : Rejected bean name 'org.springframework.boot.autoconfigure.web.servlet.WebMvcAutoConfiguration$WebMvcAutoConfigurationAdapter': no URL paths identified
2018-06-12 13:15:11.591 DEBUG shauns-MacBook-Pro.local --- [  restartedMain] o.s.w.s.h.BeanNameUrlHandlerMapping      : Rejected bean name 'defaultViewResolver': no URL paths identified
2018-06-12 13:15:11.591 DEBUG shauns-MacBook-Pro.local --- [  restartedMain] o.s.w.s.h.BeanNameUrlHandlerMapping      : Rejected bean name 'viewResolver': no URL paths identified
2018-06-12 13:15:11.591 DEBUG shauns-MacBook-Pro.local --- [  restartedMain] o.s.w.s.h.BeanNameUrlHandlerMapping      : Rejected bean name 'welcomePageHandlerMapping': no URL paths identified
2018-06-12 13:15:11.591 DEBUG shauns-MacBook-Pro.local --- [  restartedMain] o.s.w.s.h.BeanNameUrlHandlerMapping      : Rejected bean name 'requestContextFilter': no URL paths identified
2018-06-12 13:15:11.591 DEBUG shauns-MacBook-Pro.local --- [  restartedMain] o.s.w.s.h.BeanNameUrlHandlerMapping      : Rejected bean name 'org.springframework.boot.autoconfigure.web.servlet.WebMvcAutoConfiguration': no URL paths identified
2018-06-12 13:15:11.591 DEBUG shauns-MacBook-Pro.local --- [  restartedMain] o.s.w.s.h.BeanNameUrlHandlerMapping      : Rejected bean name 'hiddenHttpMethodFilter': no URL paths identified
2018-06-12 13:15:11.591 DEBUG shauns-MacBook-Pro.local --- [  restartedMain] o.s.w.s.h.BeanNameUrlHandlerMapping      : Rejected bean name 'httpPutFormContentFilter': no URL paths identified
2018-06-12 13:15:11.591 DEBUG shauns-MacBook-Pro.local --- [  restartedMain] o.s.w.s.h.BeanNameUrlHandlerMapping      : Rejected bean name 'org.springframework.boot.autoconfigure.jmx.JmxAutoConfiguration': no URL paths identified
2018-06-12 13:15:11.591 DEBUG shauns-MacBook-Pro.local --- [  restartedMain] o.s.w.s.h.BeanNameUrlHandlerMapping      : Rejected bean name 'mbeanExporter': no URL paths identified
2018-06-12 13:15:11.591 DEBUG shauns-MacBook-Pro.local --- [  restartedMain] o.s.w.s.h.BeanNameUrlHandlerMapping      : Rejected bean name 'objectNamingStrategy': no URL paths identified
2018-06-12 13:15:11.591 DEBUG shauns-MacBook-Pro.local --- [  restartedMain] o.s.w.s.h.BeanNameUrlHandlerMapping      : Rejected bean name 'mbeanServer': no URL paths identified
2018-06-12 13:15:11.591 DEBUG shauns-MacBook-Pro.local --- [  restartedMain] o.s.w.s.h.BeanNameUrlHandlerMapping      : Rejected bean name 'org.springframework.boot.autoconfigure.admin.SpringApplicationAdminJmxAutoConfiguration': no URL paths identified
2018-06-12 13:15:11.591 DEBUG shauns-MacBook-Pro.local --- [  restartedMain] o.s.w.s.h.BeanNameUrlHandlerMapping      : Rejected bean name 'springApplicationAdminRegistrar': no URL paths identified
2018-06-12 13:15:11.592 DEBUG shauns-MacBook-Pro.local --- [  restartedMain] o.s.w.s.h.BeanNameUrlHandlerMapping      : Rejected bean name 'org.springframework.boot.autoconfigure.context.ConfigurationPropertiesAutoConfiguration': no URL paths identified
2018-06-12 13:15:11.592 DEBUG shauns-MacBook-Pro.local --- [  restartedMain] o.s.w.s.h.BeanNameUrlHandlerMapping      : Rejected bean name 'org.springframework.boot.autoconfigure.jackson.JacksonAutoConfiguration$Jackson2ObjectMapperBuilderCustomizerConfiguration': no URL paths identified
2018-06-12 13:15:11.592 DEBUG shauns-MacBook-Pro.local --- [  restartedMain] o.s.w.s.h.BeanNameUrlHandlerMapping      : Rejected bean name 'standardJacksonObjectMapperBuilderCustomizer': no URL paths identified
2018-06-12 13:15:11.592 DEBUG shauns-MacBook-Pro.local --- [  restartedMain] o.s.w.s.h.BeanNameUrlHandlerMapping      : Rejected bean name 'spring.jackson-org.springframework.boot.autoconfigure.jackson.JacksonProperties': no URL paths identified
2018-06-12 13:15:11.592 DEBUG shauns-MacBook-Pro.local --- [  restartedMain] o.s.w.s.h.BeanNameUrlHandlerMapping      : Rejected bean name 'org.springframework.boot.autoconfigure.jackson.JacksonAutoConfiguration$JacksonObjectMapperBuilderConfiguration': no URL paths identified
2018-06-12 13:15:11.592 DEBUG shauns-MacBook-Pro.local --- [  restartedMain] o.s.w.s.h.BeanNameUrlHandlerMapping      : Rejected bean name 'jacksonObjectMapperBuilder': no URL paths identified
2018-06-12 13:15:11.592 DEBUG shauns-MacBook-Pro.local --- [  restartedMain] o.s.w.s.h.BeanNameUrlHandlerMapping      : Rejected bean name 'org.springframework.boot.autoconfigure.jackson.JacksonAutoConfiguration$ParameterNamesModuleConfiguration': no URL paths identified
2018-06-12 13:15:11.592 DEBUG shauns-MacBook-Pro.local --- [  restartedMain] o.s.w.s.h.BeanNameUrlHandlerMapping      : Rejected bean name 'parameterNamesModule': no URL paths identified
2018-06-12 13:15:11.592 DEBUG shauns-MacBook-Pro.local --- [  restartedMain] o.s.w.s.h.BeanNameUrlHandlerMapping      : Rejected bean name 'org.springframework.boot.autoconfigure.jackson.JacksonAutoConfiguration$JacksonObjectMapperConfiguration': no URL paths identified
2018-06-12 13:15:11.592 DEBUG shauns-MacBook-Pro.local --- [  restartedMain] o.s.w.s.h.BeanNameUrlHandlerMapping      : Rejected bean name 'jacksonObjectMapper': no URL paths identified
2018-06-12 13:15:11.592 DEBUG shauns-MacBook-Pro.local --- [  restartedMain] o.s.w.s.h.BeanNameUrlHandlerMapping      : Rejected bean name 'org.springframework.boot.autoconfigure.jackson.JacksonAutoConfiguration': no URL paths identified
2018-06-12 13:15:11.592 DEBUG shauns-MacBook-Pro.local --- [  restartedMain] o.s.w.s.h.BeanNameUrlHandlerMapping      : Rejected bean name 'jsonComponentModule': no URL paths identified
2018-06-12 13:15:11.592 DEBUG shauns-MacBook-Pro.local --- [  restartedMain] o.s.w.s.h.BeanNameUrlHandlerMapping      : Rejected bean name 'org.springframework.boot.autoconfigure.http.HttpMessageConvertersAutoConfiguration$StringHttpMessageConverterConfiguration': no URL paths identified
2018-06-12 13:15:11.592 DEBUG shauns-MacBook-Pro.local --- [  restartedMain] o.s.w.s.h.BeanNameUrlHandlerMapping      : Rejected bean name 'stringHttpMessageConverter': no URL paths identified
2018-06-12 13:15:11.592 DEBUG shauns-MacBook-Pro.local --- [  restartedMain] o.s.w.s.h.BeanNameUrlHandlerMapping      : Rejected bean name 'spring.http.encoding-org.springframework.boot.autoconfigure.http.HttpEncodingProperties': no URL paths identified
2018-06-12 13:15:11.593 DEBUG shauns-MacBook-Pro.local --- [  restartedMain] o.s.w.s.h.BeanNameUrlHandlerMapping      : Rejected bean name 'org.springframework.boot.autoconfigure.http.JacksonHttpMessageConvertersConfiguration$MappingJackson2HttpMessageConverterConfiguration': no URL paths identified
2018-06-12 13:15:11.593 DEBUG shauns-MacBook-Pro.local --- [  restartedMain] o.s.w.s.h.BeanNameUrlHandlerMapping      : Rejected bean name 'mappingJackson2HttpMessageConverter': no URL paths identified
2018-06-12 13:15:11.593 DEBUG shauns-MacBook-Pro.local --- [  restartedMain] o.s.w.s.h.BeanNameUrlHandlerMapping      : Rejected bean name 'org.springframework.boot.autoconfigure.http.JacksonHttpMessageConvertersConfiguration': no URL paths identified
2018-06-12 13:15:11.593 DEBUG shauns-MacBook-Pro.local --- [  restartedMain] o.s.w.s.h.BeanNameUrlHandlerMapping      : Rejected bean name 'org.springframework.boot.autoconfigure.http.HttpMessageConvertersAutoConfiguration': no URL paths identified
2018-06-12 13:15:11.593 DEBUG shauns-MacBook-Pro.local --- [  restartedMain] o.s.w.s.h.BeanNameUrlHandlerMapping      : Rejected bean name 'messageConverters': no URL paths identified
2018-06-12 13:15:11.593 DEBUG shauns-MacBook-Pro.local --- [  restartedMain] o.s.w.s.h.BeanNameUrlHandlerMapping      : Rejected bean name 'org.springframework.boot.autoconfigure.http.codec.CodecsAutoConfiguration$JacksonCodecConfiguration': no URL paths identified
2018-06-12 13:15:11.593 DEBUG shauns-MacBook-Pro.local --- [  restartedMain] o.s.w.s.h.BeanNameUrlHandlerMapping      : Rejected bean name 'jacksonCodecCustomizer': no URL paths identified
2018-06-12 13:15:11.593 DEBUG shauns-MacBook-Pro.local --- [  restartedMain] o.s.w.s.h.BeanNameUrlHandlerMapping      : Rejected bean name 'org.springframework.boot.autoconfigure.http.codec.CodecsAutoConfiguration': no URL paths identified
2018-06-12 13:15:11.593 DEBUG shauns-MacBook-Pro.local --- [  restartedMain] o.s.w.s.h.BeanNameUrlHandlerMapping      : Rejected bean name 'org.springframework.boot.autoconfigure.info.ProjectInfoAutoConfiguration': no URL paths identified
2018-06-12 13:15:11.593 DEBUG shauns-MacBook-Pro.local --- [  restartedMain] o.s.w.s.h.BeanNameUrlHandlerMapping      : Rejected bean name 'spring.info-org.springframework.boot.autoconfigure.info.ProjectInfoProperties': no URL paths identified
2018-06-12 13:15:11.593 DEBUG shauns-MacBook-Pro.local --- [  restartedMain] o.s.w.s.h.BeanNameUrlHandlerMapping      : Rejected bean name 'org.springframework.boot.autoconfigure.security.reactive.ReactiveSecurityAutoConfiguration': no URL paths identified
2018-06-12 13:15:11.593 DEBUG shauns-MacBook-Pro.local --- [  restartedMain] o.s.w.s.h.BeanNameUrlHandlerMapping      : Rejected bean name 'spring.security-org.springframework.boot.autoconfigure.security.SecurityProperties': no URL paths identified
2018-06-12 13:15:11.593 DEBUG shauns-MacBook-Pro.local --- [  restartedMain] o.s.w.s.h.BeanNameUrlHandlerMapping      : Rejected bean name 'org.springframework.boot.autoconfigure.web.client.RestTemplateAutoConfiguration': no URL paths identified
2018-06-12 13:15:11.593 DEBUG shauns-MacBook-Pro.local --- [  restartedMain] o.s.w.s.h.BeanNameUrlHandlerMapping      : Rejected bean name 'restTemplateBuilder': no URL paths identified
2018-06-12 13:15:11.593 DEBUG shauns-MacBook-Pro.local --- [  restartedMain] o.s.w.s.h.BeanNameUrlHandlerMapping      : Rejected bean name 'org.springframework.boot.autoconfigure.web.embedded.EmbeddedWebServerFactoryCustomizerAutoConfiguration$TomcatWebServerFactoryCustomizerConfiguration': no URL paths identified
2018-06-12 13:15:11.594 DEBUG shauns-MacBook-Pro.local --- [  restartedMain] o.s.w.s.h.BeanNameUrlHandlerMapping      : Rejected bean name 'tomcatWebServerFactoryCustomizer': no URL paths identified
2018-06-12 13:15:11.594 DEBUG shauns-MacBook-Pro.local --- [  restartedMain] o.s.w.s.h.BeanNameUrlHandlerMapping      : Rejected bean name 'org.springframework.boot.autoconfigure.web.embedded.EmbeddedWebServerFactoryCustomizerAutoConfiguration': no URL paths identified
2018-06-12 13:15:11.594 DEBUG shauns-MacBook-Pro.local --- [  restartedMain] o.s.w.s.h.BeanNameUrlHandlerMapping      : Rejected bean name 'org.springframework.boot.autoconfigure.web.servlet.HttpEncodingAutoConfiguration': no URL paths identified
2018-06-12 13:15:11.594 DEBUG shauns-MacBook-Pro.local --- [  restartedMain] o.s.w.s.h.BeanNameUrlHandlerMapping      : Rejected bean name 'characterEncodingFilter': no URL paths identified
2018-06-12 13:15:11.594 DEBUG shauns-MacBook-Pro.local --- [  restartedMain] o.s.w.s.h.BeanNameUrlHandlerMapping      : Rejected bean name 'localeCharsetMappingsCustomizer': no URL paths identified
2018-06-12 13:15:11.594 DEBUG shauns-MacBook-Pro.local --- [  restartedMain] o.s.w.s.h.BeanNameUrlHandlerMapping      : Rejected bean name 'org.springframework.boot.autoconfigure.web.servlet.MultipartAutoConfiguration': no URL paths identified
2018-06-12 13:15:11.594 DEBUG shauns-MacBook-Pro.local --- [  restartedMain] o.s.w.s.h.BeanNameUrlHandlerMapping      : Rejected bean name 'multipartConfigElement': no URL paths identified
2018-06-12 13:15:11.594 DEBUG shauns-MacBook-Pro.local --- [  restartedMain] o.s.w.s.h.BeanNameUrlHandlerMapping      : Rejected bean name 'multipartResolver': no URL paths identified
2018-06-12 13:15:11.594 DEBUG shauns-MacBook-Pro.local --- [  restartedMain] o.s.w.s.h.BeanNameUrlHandlerMapping      : Rejected bean name 'spring.servlet.multipart-org.springframework.boot.autoconfigure.web.servlet.MultipartProperties': no URL paths identified
2018-06-12 13:15:11.594 DEBUG shauns-MacBook-Pro.local --- [  restartedMain] o.s.w.s.h.BeanNameUrlHandlerMapping      : Rejected bean name 'org.springframework.boot.devtools.autoconfigure.LocalDevToolsAutoConfiguration$RestartConfiguration': no URL paths identified
2018-06-12 13:15:11.594 DEBUG shauns-MacBook-Pro.local --- [  restartedMain] o.s.w.s.h.BeanNameUrlHandlerMapping      : Rejected bean name 'classPathFileSystemWatcher': no URL paths identified
2018-06-12 13:15:11.594 DEBUG shauns-MacBook-Pro.local --- [  restartedMain] o.s.w.s.h.BeanNameUrlHandlerMapping      : Rejected bean name 'classPathRestartStrategy': no URL paths identified
2018-06-12 13:15:11.594 DEBUG shauns-MacBook-Pro.local --- [  restartedMain] o.s.w.s.h.BeanNameUrlHandlerMapping      : Rejected bean name 'hateoasObjenesisCacheDisabler': no URL paths identified
2018-06-12 13:15:11.594 DEBUG shauns-MacBook-Pro.local --- [  restartedMain] o.s.w.s.h.BeanNameUrlHandlerMapping      : Rejected bean name 'fileSystemWatcherFactory': no URL paths identified
2018-06-12 13:15:11.594 DEBUG shauns-MacBook-Pro.local --- [  restartedMain] o.s.w.s.h.BeanNameUrlHandlerMapping      : Rejected bean name 'conditionEvaluationDeltaLoggingListener': no URL paths identified
2018-06-12 13:15:11.594 DEBUG shauns-MacBook-Pro.local --- [  restartedMain] o.s.w.s.h.BeanNameUrlHandlerMapping      : Rejected bean name 'org.springframework.boot.devtools.autoconfigure.LocalDevToolsAutoConfiguration$LiveReloadConfiguration': no URL paths identified
2018-06-12 13:15:11.594 DEBUG shauns-MacBook-Pro.local --- [  restartedMain] o.s.w.s.h.BeanNameUrlHandlerMapping      : Rejected bean name 'liveReloadServer': no URL paths identified
2018-06-12 13:15:11.594 DEBUG shauns-MacBook-Pro.local --- [  restartedMain] o.s.w.s.h.BeanNameUrlHandlerMapping      : Rejected bean name 'optionalLiveReloadServer': no URL paths identified
2018-06-12 13:15:11.595 DEBUG shauns-MacBook-Pro.local --- [  restartedMain] o.s.w.s.h.BeanNameUrlHandlerMapping      : Rejected bean name 'liveReloadServerEventListener': no URL paths identified
2018-06-12 13:15:11.595 DEBUG shauns-MacBook-Pro.local --- [  restartedMain] o.s.w.s.h.BeanNameUrlHandlerMapping      : Rejected bean name 'org.springframework.boot.devtools.autoconfigure.LocalDevToolsAutoConfiguration': no URL paths identified
2018-06-12 13:15:11.595 DEBUG shauns-MacBook-Pro.local --- [  restartedMain] o.s.w.s.h.BeanNameUrlHandlerMapping      : Rejected bean name 'spring.devtools-org.springframework.boot.devtools.autoconfigure.DevToolsProperties': no URL paths identified
2018-06-12 13:15:11.595 DEBUG shauns-MacBook-Pro.local --- [  restartedMain] o.s.w.s.h.BeanNameUrlHandlerMapping      : Rejected bean name 'autoConfigurationReport': no URL paths identified
2018-06-12 13:15:11.595 DEBUG shauns-MacBook-Pro.local --- [  restartedMain] o.s.w.s.h.BeanNameUrlHandlerMapping      : Rejected bean name 'org.springframework.boot.context.ContextIdApplicationContextInitializer$ContextId': no URL paths identified
2018-06-12 13:15:11.595 DEBUG shauns-MacBook-Pro.local --- [  restartedMain] o.s.w.s.h.BeanNameUrlHandlerMapping      : Rejected bean name 'springApplicationArguments': no URL paths identified
2018-06-12 13:15:11.595 DEBUG shauns-MacBook-Pro.local --- [  restartedMain] o.s.w.s.h.BeanNameUrlHandlerMapping      : Rejected bean name 'springBootBanner': no URL paths identified
2018-06-12 13:15:11.595 DEBUG shauns-MacBook-Pro.local --- [  restartedMain] o.s.w.s.h.BeanNameUrlHandlerMapping      : Rejected bean name 'springBootLoggingSystem': no URL paths identified
2018-06-12 13:15:11.595 DEBUG shauns-MacBook-Pro.local --- [  restartedMain] o.s.w.s.h.BeanNameUrlHandlerMapping      : Rejected bean name 'environment': no URL paths identified
2018-06-12 13:15:11.595 DEBUG shauns-MacBook-Pro.local --- [  restartedMain] o.s.w.s.h.BeanNameUrlHandlerMapping      : Rejected bean name 'systemProperties': no URL paths identified
2018-06-12 13:15:11.595 DEBUG shauns-MacBook-Pro.local --- [  restartedMain] o.s.w.s.h.BeanNameUrlHandlerMapping      : Rejected bean name 'systemEnvironment': no URL paths identified
2018-06-12 13:15:11.595 DEBUG shauns-MacBook-Pro.local --- [  restartedMain] o.s.w.s.h.BeanNameUrlHandlerMapping      : Rejected bean name 'org.springframework.context.annotation.ConfigurationClassPostProcessor.importRegistry': no URL paths identified
2018-06-12 13:15:11.595 DEBUG shauns-MacBook-Pro.local --- [  restartedMain] o.s.w.s.h.BeanNameUrlHandlerMapping      : Rejected bean name 'messageSource': no URL paths identified
2018-06-12 13:15:11.595 DEBUG shauns-MacBook-Pro.local --- [  restartedMain] o.s.w.s.h.BeanNameUrlHandlerMapping      : Rejected bean name 'applicationEventMulticaster': no URL paths identified
2018-06-12 13:15:11.595 DEBUG shauns-MacBook-Pro.local --- [  restartedMain] o.s.w.s.h.BeanNameUrlHandlerMapping      : Rejected bean name 'servletContext': no URL paths identified
2018-06-12 13:15:11.595 DEBUG shauns-MacBook-Pro.local --- [  restartedMain] o.s.w.s.h.BeanNameUrlHandlerMapping      : Rejected bean name 'contextParameters': no URL paths identified
2018-06-12 13:15:11.595 DEBUG shauns-MacBook-Pro.local --- [  restartedMain] o.s.w.s.h.BeanNameUrlHandlerMapping      : Rejected bean name 'contextAttributes': no URL paths identified
2018-06-12 13:15:11.600  INFO shauns-MacBook-Pro.local --- [  restartedMain] o.s.w.s.h.SimpleUrlHandlerMapping        : Mapped URL path [/webjars/**] onto handler of type [class org.springframework.web.servlet.resource.ResourceHttpRequestHandler]
2018-06-12 13:15:11.600  INFO shauns-MacBook-Pro.local --- [  restartedMain] o.s.w.s.h.SimpleUrlHandlerMapping        : Mapped URL path [/**] onto handler of type [class org.springframework.web.servlet.resource.ResourceHttpRequestHandler]
2018-06-12 13:15:11.607 DEBUG shauns-MacBook-Pro.local --- [  restartedMain] .m.m.a.ExceptionHandlerExceptionResolver : Looking for exception mappings: org.springframework.boot.web.servlet.context.AnnotationConfigServletWebServerApplicationContext@109068a1: startup date [Tue Jun 12 13:15:10 BST 2018]; root of context hierarchy
2018-06-12 13:15:11.695  INFO shauns-MacBook-Pro.local --- [  restartedMain] o.s.b.d.a.OptionalLiveReloadServer       : LiveReload server is running on port 35729
2018-06-12 13:15:11.717  INFO shauns-MacBook-Pro.local --- [  restartedMain] o.s.j.e.a.AnnotationMBeanExporter        : Registering beans for JMX exposure on startup
2018-06-12 13:15:11.727 DEBUG shauns-MacBook-Pro.local --- [  restartedMain] o.s.w.s.r.ResourceUrlProvider            : Looking for resource handler mappings
2018-06-12 13:15:11.728 DEBUG shauns-MacBook-Pro.local --- [  restartedMain] o.s.w.s.r.ResourceUrlProvider            : Found resource handler mapping: URL pattern="/**/favicon.ico", locations=[class path resource [META-INF/resources/], class path resource [resources/], class path resource [static/], class path resource [public/], ServletContext resource [/], class path resource []], resolvers=[org.springframework.web.servlet.resource.PathResourceResolver@76c20871]
2018-06-12 13:15:11.728 DEBUG shauns-MacBook-Pro.local --- [  restartedMain] o.s.w.s.r.ResourceUrlProvider            : Found resource handler mapping: URL pattern="/webjars/**", locations=[class path resource [META-INF/resources/webjars/]], resolvers=[org.springframework.web.servlet.resource.PathResourceResolver@307b42fe]
2018-06-12 13:15:11.728 DEBUG shauns-MacBook-Pro.local --- [  restartedMain] o.s.w.s.r.ResourceUrlProvider            : Found resource handler mapping: URL pattern="/**", locations=[class path resource [META-INF/resources/], class path resource [resources/], class path resource [static/], class path resource [public/], ServletContext resource [/]], resolvers=[org.springframework.web.servlet.resource.PathResourceResolver@1c4cab92]
2018-06-12 13:15:11.729  INFO shauns-MacBook-Pro.local --- [  restartedMain] o.a.c.h.Http11NioProtocol                : Starting ProtocolHandler ["http-nio-8080"]
2018-06-12 13:15:11.749  INFO shauns-MacBook-Pro.local --- [  restartedMain] o.a.t.u.n.NioSelectorPool                : Using a shared selector for servlet write/read
2018-06-12 13:15:11.759  INFO shauns-MacBook-Pro.local --- [  restartedMain] o.s.b.w.e.t.TomcatWebServer              : Tomcat started on port(s): 8080 (http) with context path ''
2018-06-12 13:15:11.760 DEBUG shauns-MacBook-Pro.local --- [  restartedMain] o.s.w.c.s.StandardServletEnvironment     : Adding PropertySource 'server.ports' with highest search precedence
2018-06-12 13:15:11.764  INFO shauns-MacBook-Pro.local --- [  restartedMain] c.b.a.RestApiTemplateApplication         : Started RestApiTemplateApplication in 1.937 seconds (JVM running for 2.983)
2018-06-12 13:16:19.498  INFO shauns-MacBook-Pro.local --- [      Thread-14] ConfigServletWebServerApplicationContext : Closing org.springframework.boot.web.servlet.context.AnnotationConfigServletWebServerApplicationContext@109068a1: startup date [Tue Jun 12 13:15:10 BST 2018]; root of context hierarchy
2018-06-12 13:16:19.506  INFO shauns-MacBook-Pro.local --- [      Thread-14] o.s.j.e.a.AnnotationMBeanExporter        : Unregistering JMX-exposed beans on shutdown
